[ 2015-08-13T10:28:06+08:00 ] 127.0.0.1 /gonghenew/admin.php/Productinfo/skin-config.html
INFO: [ app_begin ] --START--
INFO: Run Behavior\ReadHtmlCacheBehavior [ RunTime:0.000491s ]
INFO: [ app_begin ] --END-- [ RunTime:0.000549s ]
ERR: 非法操作:skin-config
NOTIC: [2] include() [<a href='function.include'>function.include</a>]: Filename cannot be empty D:\WWW\gonghenew\ThinkPHP\Library\Think\Think.class.php 第 314 行.
NOTIC: [2] include() [<a href='function.include'>function.include</a>]: Failed opening '' for inclusion (include_path='.;C:\php\pear') D:\WWW\gonghenew\ThinkPHP\Library\Think\Think.class.php 第 314 行.

[ 2015-08-13T10:29:13+08:00 ] 127.0.0.1 /gonghenew/admin.php/Productinfo/product_launch.html
ERR: 模板不存在:./Application/Admin/View/themes/./Application/Admin/themes/Public/success.html.html

[ 2015-08-13T10:29:38+08:00 ] 127.0.0.1 /gonghenew/admin.php/Productinfo/skin-config.html
INFO: [ app_begin ] --START--
INFO: Run Behavior\ReadHtmlCacheBehavior [ RunTime:0.000540s ]
INFO: [ app_begin ] --END-- [ RunTime:0.000618s ]
ERR: 非法操作:skin-config
NOTIC: [2] include() [<a href='function.include'>function.include</a>]: Filename cannot be empty D:\WWW\gonghenew\ThinkPHP\Library\Think\Think.class.php 第 314 行.
NOTIC: [2] include() [<a href='function.include'>function.include</a>]: Failed opening '' for inclusion (include_path='.;C:\php\pear') D:\WWW\gonghenew\ThinkPHP\Library\Think\Think.class.php 第 314 行.

[ 2015-08-13T10:29:42+08:00 ] 127.0.0.1 /gonghenew/admin.php/Productinfo/skin-config.html
INFO: [ app_begin ] --START--
INFO: Run Behavior\ReadHtmlCacheBehavior [ RunTime:0.000512s ]
INFO: [ app_begin ] --END-- [ RunTime:0.000584s ]
ERR: 非法操作:skin-config
NOTIC: [2] include() [<a href='function.include'>function.include</a>]: Filename cannot be empty D:\WWW\gonghenew\ThinkPHP\Library\Think\Think.class.php 第 314 行.
NOTIC: [2] include() [<a href='function.include'>function.include</a>]: Failed opening '' for inclusion (include_path='.;C:\php\pear') D:\WWW\gonghenew\ThinkPHP\Library\Think\Think.class.php 第 314 行.

[ 2015-08-13T10:29:47+08:00 ] 127.0.0.1 /gonghenew/admin.php/Productinfo/skin-config.html
INFO: [ app_begin ] --START--
INFO: Run Behavior\ReadHtmlCacheBehavior [ RunTime:0.000488s ]
INFO: [ app_begin ] --END-- [ RunTime:0.000554s ]
ERR: 非法操作:skin-config
NOTIC: [2] include() [<a href='function.include'>function.include</a>]: Filename cannot be empty D:\WWW\gonghenew\ThinkPHP\Library\Think\Think.class.php 第 314 行.
NOTIC: [2] include() [<a href='function.include'>function.include</a>]: Failed opening '' for inclusion (include_path='.;C:\php\pear') D:\WWW\gonghenew\ThinkPHP\Library\Think\Think.class.php 第 314 行.

[ 2015-08-13T10:59:33+08:00 ] 127.0.0.1 /gonghenew/admin.php/Productinfo/product_detail/id/12.html
ERR: SQLSTATE[42S02]: Base table or view not found: 1146 Table 'gonghe_new.gonghenew_product_info' doesn't exist

[ 2015-08-13T10:59:57+08:00 ] 127.0.0.1 /gonghenew/admin.php/Productinfo/product_detail/id/12.html
ERR: SQLSTATE[42S02]: Base table or view not found: 1146 Table 'gonghe_new.gonghenew_product_info' doesn't exist

[ 2015-08-13T11:01:40+08:00 ] 127.0.0.1 /gonghenew/admin.php/Productinfo/product_detail/id/12.html
ERR: SQLSTATE[42S02]: Base table or view not found: 1146 Table 'gonghe_new.gonghenew_product_info' doesn't exist

[ 2015-08-13T11:28:26+08:00 ] 127.0.0.1 /gonghenew/admin.php/Productinfo/product_detail/id/12.html
ERR: SQLSTATE[42S02]: Base table or view not found: 1146 Table 'gonghe_new.gonghenew_product_info' doesn't exist

[ 2015-08-13T11:45:59+08:00 ] 127.0.0.1 /gonghenew/admin.php/Productinfo/product_detail/id/12.html
ERR: SQLSTATE[42S02]: Base table or view not found: 1146 Table 'gonghe_new.gonghenew_product_info' doesn't exist

[ 2015-08-13T11:47:32+08:00 ] 127.0.0.1 /gonghenew/admin.php/Index/skin-config.html
INFO: [ app_begin ] --START--
INFO: Run Behavior\ReadHtmlCacheBehavior [ RunTime:0.000837s ]
INFO: [ app_begin ] --END-- [ RunTime:0.000970s ]
ERR: 非法操作:skin-config
NOTIC: [2] include() [<a href='function.include'>function.include</a>]: Filename cannot be empty D:\WWW\gonghenew\ThinkPHP\Library\Think\Think.class.php 第 314 行.
NOTIC: [2] include() [<a href='function.include'>function.include</a>]: Failed opening '' for inclusion (include_path='.;C:\php\pear') D:\WWW\gonghenew\ThinkPHP\Library\Think\Think.class.php 第 314 行.

[ 2015-08-13T11:48:05+08:00 ] 127.0.0.1 /gonghenew/admin.php/Productinfo/skin-config.html
INFO: [ app_begin ] --START--
INFO: Run Behavior\ReadHtmlCacheBehavior [ RunTime:0.000988s ]
INFO: [ app_begin ] --END-- [ RunTime:0.001133s ]
ERR: 非法操作:skin-config
NOTIC: [2] include() [<a href='function.include'>function.include</a>]: Filename cannot be empty D:\WWW\gonghenew\ThinkPHP\Library\Think\Think.class.php 第 314 行.
NOTIC: [2] include() [<a href='function.include'>function.include</a>]: Failed opening '' for inclusion (include_path='.;C:\php\pear') D:\WWW\gonghenew\ThinkPHP\Library\Think\Think.class.php 第 314 行.

[ 2015-08-13T11:48:09+08:00 ] 127.0.0.1 /gonghenew/admin.php/Productinfo/skin-config.html
INFO: [ app_begin ] --START--
INFO: Run Behavior\ReadHtmlCacheBehavior [ RunTime:0.000599s ]
INFO: [ app_begin ] --END-- [ RunTime:0.000669s ]
ERR: 非法操作:skin-config
NOTIC: [2] include() [<a href='function.include'>function.include</a>]: Filename cannot be empty D:\WWW\gonghenew\ThinkPHP\Library\Think\Think.class.php 第 314 行.
NOTIC: [2] include() [<a href='function.include'>function.include</a>]: Failed opening '' for inclusion (include_path='.;C:\php\pear') D:\WWW\gonghenew\ThinkPHP\Library\Think\Think.class.php 第 314 行.

[ 2015-08-13T14:05:10+08:00 ] 127.0.0.1 /gonghenew/admin.php/Productinfo/product_detail/id/12.html
ERR: SQLSTATE[42S02]: Base table or view not found: 1146 Table 'gonghe_new.gonghenew_product_info' doesn't exist

[ 2015-08-13T14:05:12+08:00 ] 127.0.0.1 /gonghenew/admin.php/Productinfo/product_detail/id/12.html
ERR: SQLSTATE[42S02]: Base table or view not found: 1146 Table 'gonghe_new.gonghenew_product_info' doesn't exist

[ 2015-08-13T14:05:42+08:00 ] 127.0.0.1 /gonghenew/admin.php/Productinfo/product_detail/id/12.html
ERR: SQLSTATE[42S02]: Base table or view not found: 1146 Table 'gonghe_new.gonghenew_product_info' doesn't exist

[ 2015-08-13T14:06:43+08:00 ] 127.0.0.1 /gonghenew/admin.php/Productinfo/product_detail/id/12.html
ERR: SQLSTATE[42S02]: Base table or view not found: 1146 Table 'gonghe_new.gonghenew_product_info' doesn't exist

[ 2015-08-13T14:06:59+08:00 ] 127.0.0.1 /gonghenew/admin.php/Productinfo/product_detail/id/12.html
ERR: SQLSTATE[42S02]: Base table or view not found: 1146 Table 'gonghe_new.gonghenew_product_info' doesn't exist

[ 2015-08-13T14:07:42+08:00 ] 127.0.0.1 /gonghenew/admin.php/Productinfo/product_detail/id/12.html
ERR: SQLSTATE[42S02]: Base table or view not found: 1146 Table 'gonghe_new.gonghenew_product_info' doesn't exist

[ 2015-08-13T14:09:21+08:00 ] 127.0.0.1 /gonghenew/admin.php/Productinfo/product_detail/id/12.html
ERR: SQLSTATE[42S02]: Base table or view not found: 1146 Table 'gonghe_new.gonghenew_product_info' doesn't exist

[ 2015-08-13T14:13:25+08:00 ] 127.0.0.1 /gonghenew/admin.php/Productinfo/product_detail/id/12.html
ERR: SQLSTATE[42000]: Syntax error or access violation: 1064 You have an error in your SQL syntax; check the manual that corresponds to your MySQL server version for the right syntax to use near 'where a.fid=f.id and i.fid=12' at line 1

[ 2015-08-13T14:14:18+08:00 ] 127.0.0.1 /gonghenew/admin.php/Productinfo/product_detail/id/12.html
ERR: SQLSTATE[42000]: Syntax error or access violation: 1064 You have an error in your SQL syntax; check the manual that corresponds to your MySQL server version for the right syntax to use near 'where a.fid=f.id and i.fid=12' at line 1

[ 2015-08-13T14:14:47+08:00 ] 127.0.0.1 /gonghenew/admin.php/Productinfo/product_detail/id/12.html
ERR: SQLSTATE[42000]: Syntax error or access violation: 1064 You have an error in your SQL syntax; check the manual that corresponds to your MySQL server version for the right syntax to use near 'where a.fid=f.id and a.fid=12' at line 1

[ 2015-08-13T14:26:12+08:00 ] 127.0.0.1 /gonghenew/admin.php/Productinfo/product_detail/id/12.html
ERR: SQLSTATE[23000]: Integrity constraint violation: 1052 Column 'id' in where clause is ambiguous

[ 2015-08-13T14:51:55+08:00 ] 127.0.0.1 /gonghenew/admin.php/Productinfo/skin-config.html
INFO: [ app_begin ] --START--
INFO: Run Behavior\ReadHtmlCacheBehavior [ RunTime:0.000628s ]
INFO: [ app_begin ] --END-- [ RunTime:0.000728s ]
ERR: 非法操作:skin-config
NOTIC: [2] include() [<a href='function.include'>function.include</a>]: Filename cannot be empty D:\WWW\gonghenew\ThinkPHP\Library\Think\Think.class.php 第 314 行.
NOTIC: [2] include() [<a href='function.include'>function.include</a>]: Failed opening '' for inclusion (include_path='.;C:\php\pear') D:\WWW\gonghenew\ThinkPHP\Library\Think\Think.class.php 第 314 行.

[ 2015-08-13T14:54:24+08:00 ] 127.0.0.1 /gonghenew/admin.php/Productinfo/skin-config.html
INFO: [ app_begin ] --START--
INFO: Run Behavior\ReadHtmlCacheBehavior [ RunTime:0.000485s ]
INFO: [ app_begin ] --END-- [ RunTime:0.000551s ]
ERR: 非法操作:skin-config
NOTIC: [2] include() [<a href='function.include'>function.include</a>]: Filename cannot be empty D:\WWW\gonghenew\ThinkPHP\Library\Think\Think.class.php 第 314 行.
NOTIC: [2] include() [<a href='function.include'>function.include</a>]: Failed opening '' for inclusion (include_path='.;C:\php\pear') D:\WWW\gonghenew\ThinkPHP\Library\Think\Think.class.php 第 314 行.

[ 2015-08-13T14:58:59+08:00 ] 127.0.0.1 /gonghenew/admin.php/Productinfo/product_detail.hrml
ERR: 非法操作:product_detail.hrml

[ 2015-08-13T14:59:11+08:00 ] 127.0.0.1 /gonghenew/admin.php/Productinfo/skin-config.html
INFO: [ app_begin ] --START--
INFO: Run Behavior\ReadHtmlCacheBehavior [ RunTime:0.000664s ]
INFO: [ app_begin ] --END-- [ RunTime:0.000731s ]
ERR: 非法操作:skin-config
NOTIC: [2] include() [<a href='function.include'>function.include</a>]: Filename cannot be empty D:\WWW\gonghenew\ThinkPHP\Library\Think\Think.class.php 第 314 行.
NOTIC: [2] include() [<a href='function.include'>function.include</a>]: Failed opening '' for inclusion (include_path='.;C:\php\pear') D:\WWW\gonghenew\ThinkPHP\Library\Think\Think.class.php 第 314 行.

[ 2015-08-13T15:12:54+08:00 ] 127.0.0.1 /gonghenew/admin.php/Productinfo/skin-config.html
INFO: [ app_begin ] --START--
INFO: Run Behavior\ReadHtmlCacheBehavior [ RunTime:0.000998s ]
INFO: [ app_begin ] --END-- [ RunTime:0.001140s ]
ERR: 非法操作:skin-config
NOTIC: [2] include() [<a href='function.include'>function.include</a>]: Filename cannot be empty D:\WWW\gonghenew\ThinkPHP\Library\Think\Think.class.php 第 314 行.
NOTIC: [2] include() [<a href='function.include'>function.include</a>]: Failed opening '' for inclusion (include_path='.;C:\php\pear') D:\WWW\gonghenew\ThinkPHP\Library\Think\Think.class.php 第 314 行.

[ 2015-08-13T15:12:57+08:00 ] 127.0.0.1 /gonghenew/admin.php/Productinfo/product_detail.html
ERR: SQLSTATE[42000]: Syntax error or access violation: 1064 You have an error in your SQL syntax; check the manual that corresponds to your MySQL server version for the right syntax to use near '' at line 1

[ 2015-08-13T15:13:24+08:00 ] 127.0.0.1 /gonghenew/admin.php/Productinfo/product_detail.html
ERR: SQLSTATE[42000]: Syntax error or access violation: 1064 You have an error in your SQL syntax; check the manual that corresponds to your MySQL server version for the right syntax to use near '' at line 1

[ 2015-08-13T15:13:26+08:00 ] 127.0.0.1 /gonghenew/admin.php/Index/skin-config.html
INFO: [ app_begin ] --START--
INFO: Run Behavior\ReadHtmlCacheBehavior [ RunTime:0.000949s ]
INFO: [ app_begin ] --END-- [ RunTime:0.001081s ]
ERR: 非法操作:skin-config
NOTIC: [2] include() [<a href='function.include'>function.include</a>]: Filename cannot be empty D:\WWW\gonghenew\ThinkPHP\Library\Think\Think.class.php 第 314 行.
NOTIC: [2] include() [<a href='function.include'>function.include</a>]: Failed opening '' for inclusion (include_path='.;C:\php\pear') D:\WWW\gonghenew\ThinkPHP\Library\Think\Think.class.php 第 314 行.

[ 2015-08-13T15:13:34+08:00 ] 127.0.0.1 /gonghenew/admin.php/Productinfo/skin-config.html
INFO: [ app_begin ] --START--
INFO: Run Behavior\ReadHtmlCacheBehavior [ RunTime:0.000851s ]
INFO: [ app_begin ] --END-- [ RunTime:0.000991s ]
ERR: 非法操作:skin-config
NOTIC: [2] include() [<a href='function.include'>function.include</a>]: Filename cannot be empty D:\WWW\gonghenew\ThinkPHP\Library\Think\Think.class.php 第 314 行.
NOTIC: [2] include() [<a href='function.include'>function.include</a>]: Failed opening '' for inclusion (include_path='.;C:\php\pear') D:\WWW\gonghenew\ThinkPHP\Library\Think\Think.class.php 第 314 行.

[ 2015-08-13T15:17:31+08:00 ] 127.0.0.1 /gonghenew/admin.php/Productinfo/product_detail.html
ERR: SQLSTATE[42000]: Syntax error or access violation: 1064 You have an error in your SQL syntax; check the manual that corresponds to your MySQL server version for the right syntax to use near '' at line 1

[ 2015-08-13T15:17:36+08:00 ] 127.0.0.1 /gonghenew/admin.php/Index/skin-config.html
INFO: [ app_begin ] --START--
INFO: Run Behavior\ReadHtmlCacheBehavior [ RunTime:0.001086s ]
INFO: [ app_begin ] --END-- [ RunTime:0.001211s ]
ERR: 非法操作:skin-config
NOTIC: [2] include() [<a href='function.include'>function.include</a>]: Filename cannot be empty D:\WWW\gonghenew\ThinkPHP\Library\Think\Think.class.php 第 314 行.
NOTIC: [2] include() [<a href='function.include'>function.include</a>]: Failed opening '' for inclusion (include_path='.;C:\php\pear') D:\WWW\gonghenew\ThinkPHP\Library\Think\Think.class.php 第 314 行.

[ 2015-08-13T15:17:56+08:00 ] 127.0.0.1 /gonghenew/admin.php/Productinfo/product_detail
ERR: SQLSTATE[42000]: Syntax error or access violation: 1064 You have an error in your SQL syntax; check the manual that corresponds to your MySQL server version for the right syntax to use near '' at line 1

[ 2015-08-13T15:32:20+08:00 ] 127.0.0.1 /gonghenew/admin.php/Productinfo/skin-config.html
INFO: [ app_begin ] --START--
INFO: Run Behavior\ReadHtmlCacheBehavior [ RunTime:0.001039s ]
INFO: [ app_begin ] --END-- [ RunTime:0.001218s ]
ERR: 非法操作:skin-config
NOTIC: [2] include() [<a href='function.include'>function.include</a>]: Filename cannot be empty D:\WWW\gonghenew\ThinkPHP\Library\Think\Think.class.php 第 314 行.
NOTIC: [2] include() [<a href='function.include'>function.include</a>]: Failed opening '' for inclusion (include_path='.;C:\php\pear') D:\WWW\gonghenew\ThinkPHP\Library\Think\Think.class.php 第 314 行.

[ 2015-08-13T15:33:19+08:00 ] 127.0.0.1 /gonghenew/admin.php/Productinfo/product_detail.html
ERR: SQLSTATE[42000]: Syntax error or access violation: 1064 You have an error in your SQL syntax; check the manual that corresponds to your MySQL server version for the right syntax to use near '' at line 1

[ 2015-08-13T15:40:15+08:00 ] 127.0.0.1 /gonghenew/admin.php/Index/skin-config.html
INFO: [ app_begin ] --START--
INFO: Run Behavior\ReadHtmlCacheBehavior [ RunTime:0.001087s ]
INFO: [ app_begin ] --END-- [ RunTime:0.001223s ]
ERR: 非法操作:skin-config
NOTIC: [2] include() [<a href='function.include'>function.include</a>]: Filename cannot be empty D:\WWW\gonghenew\ThinkPHP\Library\Think\Think.class.php 第 314 行.
NOTIC: [2] include() [<a href='function.include'>function.include</a>]: Failed opening '' for inclusion (include_path='.;C:\php\pear') D:\WWW\gonghenew\ThinkPHP\Library\Think\Think.class.php 第 314 行.

[ 2015-08-13T15:40:18+08:00 ] 127.0.0.1 /gonghenew/admin.php/Productinfo/skin-config.html
INFO: [ app_begin ] --START--
INFO: Run Behavior\ReadHtmlCacheBehavior [ RunTime:0.000934s ]
INFO: [ app_begin ] --END-- [ RunTime:0.001054s ]
ERR: 非法操作:skin-config
NOTIC: [2] include() [<a href='function.include'>function.include</a>]: Filename cannot be empty D:\WWW\gonghenew\ThinkPHP\Library\Think\Think.class.php 第 314 行.
NOTIC: [2] include() [<a href='function.include'>function.include</a>]: Failed opening '' for inclusion (include_path='.;C:\php\pear') D:\WWW\gonghenew\ThinkPHP\Library\Think\Think.class.php 第 314 行.

[ 2015-08-13T15:40:51+08:00 ] 127.0.0.1 /gonghenew/admin.php/Productinfo/skin-config.html
INFO: [ app_begin ] --START--
INFO: Run Behavior\ReadHtmlCacheBehavior [ RunTime:0.000646s ]
INFO: [ app_begin ] --END-- [ RunTime:0.000720s ]
ERR: 非法操作:skin-config
NOTIC: [2] include() [<a href='function.include'>function.include</a>]: Filename cannot be empty D:\WWW\gonghenew\ThinkPHP\Library\Think\Think.class.php 第 314 行.
NOTIC: [2] include() [<a href='function.include'>function.include</a>]: Failed opening '' for inclusion (include_path='.;C:\php\pear') D:\WWW\gonghenew\ThinkPHP\Library\Think\Think.class.php 第 314 行.

[ 2015-08-13T15:40:55+08:00 ] 127.0.0.1 /gonghenew/admin.php/Productinfo/skin-config.html
INFO: [ app_begin ] --START--
INFO: Run Behavior\ReadHtmlCacheBehavior [ RunTime:0.001016s ]
INFO: [ app_begin ] --END-- [ RunTime:0.001145s ]
ERR: 非法操作:skin-config
NOTIC: [2] include() [<a href='function.include'>function.include</a>]: Filename cannot be empty D:\WWW\gonghenew\ThinkPHP\Library\Think\Think.class.php 第 314 行.
NOTIC: [2] include() [<a href='function.include'>function.include</a>]: Failed opening '' for inclusion (include_path='.;C:\php\pear') D:\WWW\gonghenew\ThinkPHP\Library\Think\Think.class.php 第 314 行.

[ 2015-08-13T15:41:00+08:00 ] 127.0.0.1 /gonghenew/admin.php/Productinfo/skin-config.html
INFO: [ app_begin ] --START--
INFO: Run Behavior\ReadHtmlCacheBehavior [ RunTime:0.000616s ]
INFO: [ app_begin ] --END-- [ RunTime:0.000692s ]
ERR: 非法操作:skin-config
NOTIC: [2] include() [<a href='function.include'>function.include</a>]: Filename cannot be empty D:\WWW\gonghenew\ThinkPHP\Library\Think\Think.class.php 第 314 行.
NOTIC: [2] include() [<a href='function.include'>function.include</a>]: Failed opening '' for inclusion (include_path='.;C:\php\pear') D:\WWW\gonghenew\ThinkPHP\Library\Think\Think.class.php 第 314 行.

[ 2015-08-13T15:41:03+08:00 ] 127.0.0.1 /gonghenew/admin.php/Productinfo/product_detail.html
ERR: SQLSTATE[42000]: Syntax error or access violation: 1064 You have an error in your SQL syntax; check the manual that corresponds to your MySQL server version for the right syntax to use near '' at line 1

[ 2015-08-13T15:42:16+08:00 ] 127.0.0.1 /gonghenew/admin.php/Index/skin-config.html
INFO: [ app_begin ] --START--
INFO: Run Behavior\ReadHtmlCacheBehavior [ RunTime:0.000700s ]
INFO: [ app_begin ] --END-- [ RunTime:0.000766s ]
ERR: 非法操作:skin-config
NOTIC: [2] include() [<a href='function.include'>function.include</a>]: Filename cannot be empty D:\WWW\gonghenew\ThinkPHP\Library\Think\Think.class.php 第 314 行.
NOTIC: [2] include() [<a href='function.include'>function.include</a>]: Failed opening '' for inclusion (include_path='.;C:\php\pear') D:\WWW\gonghenew\ThinkPHP\Library\Think\Think.class.php 第 314 行.

[ 2015-08-13T15:42:21+08:00 ] 127.0.0.1 /gonghenew/admin.php/Productinfo/skin-config.html
INFO: [ app_begin ] --START--
INFO: Run Behavior\ReadHtmlCacheBehavior [ RunTime:0.000539s ]
INFO: [ app_begin ] --END-- [ RunTime:0.000600s ]
ERR: 非法操作:skin-config
NOTIC: [2] include() [<a href='function.include'>function.include</a>]: Filename cannot be empty D:\WWW\gonghenew\ThinkPHP\Library\Think\Think.class.php 第 314 行.
NOTIC: [2] include() [<a href='function.include'>function.include</a>]: Failed opening '' for inclusion (include_path='.;C:\php\pear') D:\WWW\gonghenew\ThinkPHP\Library\Think\Think.class.php 第 314 行.

[ 2015-08-13T15:42:25+08:00 ] 127.0.0.1 /gonghenew/admin.php/Productinfo/product_detail.html
ERR: SQLSTATE[42000]: Syntax error or access violation: 1064 You have an error in your SQL syntax; check the manual that corresponds to your MySQL server version for the right syntax to use near '' at line 1

[ 2015-08-13T15:43:16+08:00 ] 127.0.0.1 /gonghenew/admin.php/Productinfo/product_detail.html
ERR: SQLSTATE[42000]: Syntax error or access violation: 1064 You have an error in your SQL syntax; check the manual that corresponds to your MySQL server version for the right syntax to use near '' at line 1

[ 2015-08-13T15:43:18+08:00 ] 127.0.0.1 /gonghenew/admin.php/Productinfo/product_detail.html
ERR: SQLSTATE[42000]: Syntax error or access violation: 1064 You have an error in your SQL syntax; check the manual that corresponds to your MySQL server version for the right syntax to use near '' at line 1

[ 2015-08-13T16:08:35+08:00 ] 127.0.0.1 /gonghenew/admin.php/Productinfo/product_detail/id/skin-config.html
INFO: [ app_begin ] --START--
INFO: Run Behavior\ReadHtmlCacheBehavior [ RunTime:0.000589s ]
INFO: [ app_begin ] --END-- [ RunTime:0.000665s ]
INFO: [ view_parse ] --START--
INFO: [ template_filter ] --START--
INFO: Run Behavior\ContentReplaceBehavior [ RunTime:0.000144s ]
INFO: [ template_filter ] --END-- [ RunTime:0.000206s ]
NOTIC: [8] Undefined variable: info D:\WWW\gonghenew\Runtime\Cache\Admin\195020fbe0e95289d6fe58a13511503e.php 第 515 行.
INFO: Run Behavior\ParseTemplateBehavior [ RunTime:0.016395s ]
INFO: [ view_parse ] --END-- [ RunTime:0.016449s ]
INFO: [ view_filter ] --START--
INFO: Run Behavior\WriteHtmlCacheBehavior [ RunTime:0.000401s ]
INFO: [ view_filter ] --END-- [ RunTime:0.000443s ]
INFO: [ app_end ] --START--
INFO: Run Behavior\ShowPageTraceBehavior [ RunTime:0.000612s ]
INFO: [ app_end ] --END-- [ RunTime:0.000673s ]

[ 2015-08-13T16:08:36+08:00 ] 127.0.0.1 /gonghenew/admin.php/Productinfo/product_detail/id/skin-config.html
INFO: [ app_begin ] --START--
INFO: Run Behavior\ReadHtmlCacheBehavior [ RunTime:0.000939s ]
INFO: [ app_begin ] --END-- [ RunTime:0.001058s ]
INFO: [ view_parse ] --START--
INFO: [ template_filter ] --START--
INFO: Run Behavior\ContentReplaceBehavior [ RunTime:0.000158s ]
INFO: [ template_filter ] --END-- [ RunTime:0.000253s ]
NOTIC: [8] Undefined variable: info D:\WWW\gonghenew\Runtime\Cache\Admin\195020fbe0e95289d6fe58a13511503e.php 第 515 行.
INFO: Run Behavior\ParseTemplateBehavior [ RunTime:0.021685s ]
INFO: [ view_parse ] --END-- [ RunTime:0.021790s ]
INFO: [ view_filter ] --START--
INFO: Run Behavior\WriteHtmlCacheBehavior [ RunTime:0.000505s ]
INFO: [ view_filter ] --END-- [ RunTime:0.000554s ]
INFO: [ app_end ] --START--
INFO: Run Behavior\ShowPageTraceBehavior [ RunTime:0.001007s ]
INFO: [ app_end ] --END-- [ RunTime:0.001128s ]

[ 2015-08-13T16:08:37+08:00 ] 127.0.0.1 /gonghenew/admin.php/Productinfo/product_detail/id/skin-config.html
INFO: [ app_begin ] --START--
INFO: Run Behavior\ReadHtmlCacheBehavior [ RunTime:0.000760s ]
INFO: [ app_begin ] --END-- [ RunTime:0.000842s ]
INFO: [ view_parse ] --START--
INFO: [ template_filter ] --START--
INFO: Run Behavior\ContentReplaceBehavior [ RunTime:0.000166s ]
INFO: [ template_filter ] --END-- [ RunTime:0.000231s ]
NOTIC: [8] Undefined variable: info D:\WWW\gonghenew\Runtime\Cache\Admin\195020fbe0e95289d6fe58a13511503e.php 第 515 行.
INFO: Run Behavior\ParseTemplateBehavior [ RunTime:0.015928s ]
INFO: [ view_parse ] --END-- [ RunTime:0.016019s ]
INFO: [ view_filter ] --START--
INFO: Run Behavior\WriteHtmlCacheBehavior [ RunTime:0.000394s ]
INFO: [ view_filter ] --END-- [ RunTime:0.000443s ]
INFO: [ app_end ] --START--
INFO: Run Behavior\ShowPageTraceBehavior [ RunTime:0.000931s ]
INFO: [ app_end ] --END-- [ RunTime:0.001044s ]

[ 2015-08-13T16:08:37+08:00 ] 127.0.0.1 /gonghenew/admin.php/Productinfo/product_detail/id/skin-config.html
INFO: [ app_begin ] --START--
INFO: Run Behavior\ReadHtmlCacheBehavior [ RunTime:0.000586s ]
INFO: [ app_begin ] --END-- [ RunTime:0.000640s ]
INFO: [ view_parse ] --START--
INFO: [ template_filter ] --START--
INFO: Run Behavior\ContentReplaceBehavior [ RunTime:0.000162s ]
INFO: [ template_filter ] --END-- [ RunTime:0.000248s ]
NOTIC: [8] Undefined variable: info D:\WWW\gonghenew\Runtime\Cache\Admin\195020fbe0e95289d6fe58a13511503e.php 第 515 行.
INFO: Run Behavior\ParseTemplateBehavior [ RunTime:0.016208s ]
INFO: [ view_parse ] --END-- [ RunTime:0.016271s ]
INFO: [ view_filter ] --START--
INFO: Run Behavior\WriteHtmlCacheBehavior [ RunTime:0.000473s ]
INFO: [ view_filter ] --END-- [ RunTime:0.000523s ]
INFO: [ app_end ] --START--
INFO: Run Behavior\ShowPageTraceBehavior [ RunTime:0.000709s ]
INFO: [ app_end ] --END-- [ RunTime:0.000773s ]

[ 2015-08-13T16:08:38+08:00 ] 127.0.0.1 /gonghenew/admin.php/Productinfo/product_detail/id/skin-config.html
INFO: [ app_begin ] --START--
INFO: Run Behavior\ReadHtmlCacheBehavior [ RunTime:0.000659s ]
INFO: [ app_begin ] --END-- [ RunTime:0.000728s ]
INFO: [ view_parse ] --START--
INFO: [ template_filter ] --START--
INFO: Run Behavior\ContentReplaceBehavior [ RunTime:0.000143s ]
INFO: [ template_filter ] --END-- [ RunTime:0.000204s ]
NOTIC: [8] Undefined variable: info D:\WWW\gonghenew\Runtime\Cache\Admin\195020fbe0e95289d6fe58a13511503e.php 第 515 行.
INFO: Run Behavior\ParseTemplateBehavior [ RunTime:0.015822s ]
INFO: [ view_parse ] --END-- [ RunTime:0.015876s ]
INFO: [ view_filter ] --START--
INFO: Run Behavior\WriteHtmlCacheBehavior [ RunTime:0.000409s ]
INFO: [ view_filter ] --END-- [ RunTime:0.000457s ]
INFO: [ app_end ] --START--
INFO: Run Behavior\ShowPageTraceBehavior [ RunTime:0.000743s ]
INFO: [ app_end ] --END-- [ RunTime:0.000818s ]

[ 2015-08-13T16:08:39+08:00 ] 127.0.0.1 /gonghenew/admin.php/Productinfo/product_detail/id/skin-config.html
INFO: [ app_begin ] --START--
INFO: Run Behavior\ReadHtmlCacheBehavior [ RunTime:0.000623s ]
INFO: [ app_begin ] --END-- [ RunTime:0.000680s ]
INFO: [ view_parse ] --START--
INFO: [ template_filter ] --START--
INFO: Run Behavior\ContentReplaceBehavior [ RunTime:0.000167s ]
INFO: [ template_filter ] --END-- [ RunTime:0.000231s ]
NOTIC: [8] Undefined variable: info D:\WWW\gonghenew\Runtime\Cache\Admin\195020fbe0e95289d6fe58a13511503e.php 第 515 行.
INFO: Run Behavior\ParseTemplateBehavior [ RunTime:0.017295s ]
INFO: [ view_parse ] --END-- [ RunTime:0.017355s ]
INFO: [ view_filter ] --START--
INFO: Run Behavior\WriteHtmlCacheBehavior [ RunTime:0.000453s ]
INFO: [ view_filter ] --END-- [ RunTime:0.000498s ]
INFO: [ app_end ] --START--
INFO: Run Behavior\ShowPageTraceBehavior [ RunTime:0.001258s ]
INFO: [ app_end ] --END-- [ RunTime:0.001344s ]

[ 2015-08-13T16:08:39+08:00 ] 127.0.0.1 /gonghenew/admin.php/Productinfo/product_detail/id/skin-config.html
INFO: [ app_begin ] --START--
INFO: Run Behavior\ReadHtmlCacheBehavior [ RunTime:0.000590s ]
INFO: [ app_begin ] --END-- [ RunTime:0.000680s ]
INFO: [ view_parse ] --START--
INFO: [ template_filter ] --START--
INFO: Run Behavior\ContentReplaceBehavior [ RunTime:0.000158s ]
INFO: [ template_filter ] --END-- [ RunTime:0.000225s ]
NOTIC: [8] Undefined variable: info D:\WWW\gonghenew\Runtime\Cache\Admin\195020fbe0e95289d6fe58a13511503e.php 第 515 行.
INFO: Run Behavior\ParseTemplateBehavior [ RunTime:0.015917s ]
INFO: [ view_parse ] --END-- [ RunTime:0.015987s ]
INFO: [ view_filter ] --START--
INFO: Run Behavior\WriteHtmlCacheBehavior [ RunTime:0.000451s ]
INFO: [ view_filter ] --END-- [ RunTime:0.000505s ]
INFO: [ app_end ] --START--
INFO: Run Behavior\ShowPageTraceBehavior [ RunTime:0.000682s ]
INFO: [ app_end ] --END-- [ RunTime:0.000761s ]

[ 2015-08-13T16:08:40+08:00 ] 127.0.0.1 /gonghenew/admin.php/Productinfo/product_detail/id/skin-config.html
INFO: [ app_begin ] --START--
INFO: Run Behavior\ReadHtmlCacheBehavior [ RunTime:0.000619s ]
INFO: [ app_begin ] --END-- [ RunTime:0.000680s ]
INFO: [ view_parse ] --START--
INFO: [ template_filter ] --START--
INFO: Run Behavior\ContentReplaceBehavior [ RunTime:0.000144s ]
INFO: [ template_filter ] --END-- [ RunTime:0.000210s ]
NOTIC: [8] Undefined variable: info D:\WWW\gonghenew\Runtime\Cache\Admin\195020fbe0e95289d6fe58a13511503e.php 第 515 行.
INFO: Run Behavior\ParseTemplateBehavior [ RunTime:0.017098s ]
INFO: [ view_parse ] --END-- [ RunTime:0.017158s ]
INFO: [ view_filter ] --START--
INFO: Run Behavior\WriteHtmlCacheBehavior [ RunTime:0.000453s ]
INFO: [ view_filter ] --END-- [ RunTime:0.000497s ]
INFO: [ app_end ] --START--
INFO: Run Behavior\ShowPageTraceBehavior [ RunTime:0.000757s ]
INFO: [ app_end ] --END-- [ RunTime:0.000830s ]

[ 2015-08-13T16:08:40+08:00 ] 127.0.0.1 /gonghenew/admin.php/Productinfo/product_detail/id/skin-config.html
INFO: [ app_begin ] --START--
INFO: Run Behavior\ReadHtmlCacheBehavior [ RunTime:0.000616s ]
INFO: [ app_begin ] --END-- [ RunTime:0.000671s ]
INFO: [ view_parse ] --START--
INFO: [ template_filter ] --START--
INFO: Run Behavior\ContentReplaceBehavior [ RunTime:0.000165s ]
INFO: [ template_filter ] --END-- [ RunTime:0.000237s ]
NOTIC: [8] Undefined variable: info D:\WWW\gonghenew\Runtime\Cache\Admin\195020fbe0e95289d6fe58a13511503e.php 第 515 行.
INFO: Run Behavior\ParseTemplateBehavior [ RunTime:0.034222s ]
INFO: [ view_parse ] --END-- [ RunTime:0.034282s ]
INFO: [ view_filter ] --START--
INFO: Run Behavior\WriteHtmlCacheBehavior [ RunTime:0.000501s ]
INFO: [ view_filter ] --END-- [ RunTime:0.000553s ]
INFO: [ app_end ] --START--
INFO: Run Behavior\ShowPageTraceBehavior [ RunTime:0.000736s ]
INFO: [ app_end ] --END-- [ RunTime:0.000813s ]

[ 2015-08-13T16:08:41+08:00 ] 127.0.0.1 /gonghenew/admin.php/Productinfo/product_detail/id/skin-config.html
INFO: [ app_begin ] --START--
INFO: Run Behavior\ReadHtmlCacheBehavior [ RunTime:0.000607s ]
INFO: [ app_begin ] --END-- [ RunTime:0.000667s ]
INFO: [ view_parse ] --START--
INFO: [ template_filter ] --START--
INFO: Run Behavior\ContentReplaceBehavior [ RunTime:0.000145s ]
INFO: [ template_filter ] --END-- [ RunTime:0.000215s ]
NOTIC: [8] Undefined variable: info D:\WWW\gonghenew\Runtime\Cache\Admin\195020fbe0e95289d6fe58a13511503e.php 第 515 行.
INFO: Run Behavior\ParseTemplateBehavior [ RunTime:0.016031s ]
INFO: [ view_parse ] --END-- [ RunTime:0.016093s ]
INFO: [ view_filter ] --START--
INFO: Run Behavior\WriteHtmlCacheBehavior [ RunTime:0.000440s ]
INFO: [ view_filter ] --END-- [ RunTime:0.000485s ]
INFO: [ app_end ] --START--
INFO: Run Behavior\ShowPageTraceBehavior [ RunTime:0.000739s ]
INFO: [ app_end ] --END-- [ RunTime:0.000810s ]

[ 2015-08-13T16:08:42+08:00 ] 127.0.0.1 /gonghenew/admin.php/Productinfo/product_detail/id/skin-config.html
INFO: [ app_begin ] --START--
INFO: Run Behavior\ReadHtmlCacheBehavior [ RunTime:0.000651s ]
INFO: [ app_begin ] --END-- [ RunTime:0.000723s ]
INFO: [ view_parse ] --START--
INFO: [ template_filter ] --START--
INFO: Run Behavior\ContentReplaceBehavior [ RunTime:0.000150s ]
INFO: [ template_filter ] --END-- [ RunTime:0.000223s ]
NOTIC: [8] Undefined variable: info D:\WWW\gonghenew\Runtime\Cache\Admin\195020fbe0e95289d6fe58a13511503e.php 第 515 行.
INFO: Run Behavior\ParseTemplateBehavior [ RunTime:0.016588s ]
INFO: [ view_parse ] --END-- [ RunTime:0.016686s ]
INFO: [ view_filter ] --START--
INFO: Run Behavior\WriteHtmlCacheBehavior [ RunTime:0.000591s ]
INFO: [ view_filter ] --END-- [ RunTime:0.000651s ]
INFO: [ app_end ] --START--
INFO: Run Behavior\ShowPageTraceBehavior [ RunTime:0.000925s ]
INFO: [ app_end ] --END-- [ RunTime:0.001022s ]

[ 2015-08-13T16:08:42+08:00 ] 127.0.0.1 /gonghenew/admin.php/Productinfo/product_detail/id/skin-config.html
INFO: [ app_begin ] --START--
INFO: Run Behavior\ReadHtmlCacheBehavior [ RunTime:0.000584s ]
INFO: [ app_begin ] --END-- [ RunTime:0.000643s ]
INFO: [ view_parse ] --START--
INFO: [ template_filter ] --START--
INFO: Run Behavior\ContentReplaceBehavior [ RunTime:0.000147s ]
INFO: [ template_filter ] --END-- [ RunTime:0.000218s ]
NOTIC: [8] Undefined variable: info D:\WWW\gonghenew\Runtime\Cache\Admin\195020fbe0e95289d6fe58a13511503e.php 第 515 行.
INFO: Run Behavior\ParseTemplateBehavior [ RunTime:0.016470s ]
INFO: [ view_parse ] --END-- [ RunTime:0.016528s ]
INFO: [ view_filter ] --START--
INFO: Run Behavior\WriteHtmlCacheBehavior [ RunTime:0.000537s ]
INFO: [ view_filter ] --END-- [ RunTime:0.000598s ]
INFO: [ app_end ] --START--
INFO: Run Behavior\ShowPageTraceBehavior [ RunTime:0.000728s ]
INFO: [ app_end ] --END-- [ RunTime:0.000805s ]

[ 2015-08-13T16:08:43+08:00 ] 127.0.0.1 /gonghenew/admin.php/Productinfo/product_detail/id/skin-config.html
INFO: [ app_begin ] --START--
INFO: Run Behavior\ReadHtmlCacheBehavior [ RunTime:0.000583s ]
INFO: [ app_begin ] --END-- [ RunTime:0.000643s ]
INFO: [ view_parse ] --START--
INFO: [ template_filter ] --START--
INFO: Run Behavior\ContentReplaceBehavior [ RunTime:0.000147s ]
INFO: [ template_filter ] --END-- [ RunTime:0.000216s ]
NOTIC: [8] Undefined variable: info D:\WWW\gonghenew\Runtime\Cache\Admin\195020fbe0e95289d6fe58a13511503e.php 第 515 行.
INFO: Run Behavior\ParseTemplateBehavior [ RunTime:0.016235s ]
INFO: [ view_parse ] --END-- [ RunTime:0.016288s ]
INFO: [ view_filter ] --START--
INFO: Run Behavior\WriteHtmlCacheBehavior [ RunTime:0.000402s ]
INFO: [ view_filter ] --END-- [ RunTime:0.000472s ]
INFO: [ app_end ] --START--
INFO: Run Behavior\ShowPageTraceBehavior [ RunTime:0.000879s ]
INFO: [ app_end ] --END-- [ RunTime:0.000971s ]

[ 2015-08-13T16:08:44+08:00 ] 127.0.0.1 /gonghenew/admin.php/Productinfo/product_detail/id/skin-config.html
INFO: [ app_begin ] --START--
INFO: Run Behavior\ReadHtmlCacheBehavior [ RunTime:0.000674s ]
INFO: [ app_begin ] --END-- [ RunTime:0.000756s ]
INFO: [ view_parse ] --START--
INFO: [ template_filter ] --START--
INFO: Run Behavior\ContentReplaceBehavior [ RunTime:0.000212s ]
INFO: [ template_filter ] --END-- [ RunTime:0.000317s ]
NOTIC: [8] Undefined variable: info D:\WWW\gonghenew\Runtime\Cache\Admin\195020fbe0e95289d6fe58a13511503e.php 第 515 行.
INFO: Run Behavior\ParseTemplateBehavior [ RunTime:0.015659s ]
INFO: [ view_parse ] --END-- [ RunTime:0.015720s ]
INFO: [ view_filter ] --START--
INFO: Run Behavior\WriteHtmlCacheBehavior [ RunTime:0.000396s ]
INFO: [ view_filter ] --END-- [ RunTime:0.000439s ]
INFO: [ app_end ] --START--
INFO: Run Behavior\ShowPageTraceBehavior [ RunTime:0.000678s ]
INFO: [ app_end ] --END-- [ RunTime:0.000749s ]

[ 2015-08-13T16:08:45+08:00 ] 127.0.0.1 /gonghenew/admin.php/Productinfo/product_detail/id/skin-config.html
INFO: [ app_begin ] --START--
INFO: Run Behavior\ReadHtmlCacheBehavior [ RunTime:0.001488s ]
INFO: [ app_begin ] --END-- [ RunTime:0.001648s ]
INFO: [ view_parse ] --START--
INFO: [ template_filter ] --START--
INFO: Run Behavior\ContentReplaceBehavior [ RunTime:0.000216s ]
INFO: [ template_filter ] --END-- [ RunTime:0.000322s ]
NOTIC: [8] Undefined variable: info D:\WWW\gonghenew\Runtime\Cache\Admin\195020fbe0e95289d6fe58a13511503e.php 第 515 行.
INFO: Run Behavior\ParseTemplateBehavior [ RunTime:0.019840s ]
INFO: [ view_parse ] --END-- [ RunTime:0.019931s ]
INFO: [ view_filter ] --START--
INFO: Run Behavior\WriteHtmlCacheBehavior [ RunTime:0.000449s ]
INFO: [ view_filter ] --END-- [ RunTime:0.000495s ]
INFO: [ app_end ] --START--
INFO: Run Behavior\ShowPageTraceBehavior [ RunTime:0.000752s ]
INFO: [ app_end ] --END-- [ RunTime:0.000830s ]

[ 2015-08-13T16:08:47+08:00 ] 127.0.0.1 /gonghenew/admin.php/Productinfo/product_detail/id/skin-config.html
INFO: [ app_begin ] --START--
INFO: Run Behavior\ReadHtmlCacheBehavior [ RunTime:0.000719s ]
INFO: [ app_begin ] --END-- [ RunTime:0.000792s ]
INFO: [ view_parse ] --START--
INFO: [ template_filter ] --START--
INFO: Run Behavior\ContentReplaceBehavior [ RunTime:0.000146s ]
INFO: [ template_filter ] --END-- [ RunTime:0.000207s ]
NOTIC: [8] Undefined variable: info D:\WWW\gonghenew\Runtime\Cache\Admin\195020fbe0e95289d6fe58a13511503e.php 第 515 行.
INFO: Run Behavior\ParseTemplateBehavior [ RunTime:0.017077s ]
INFO: [ view_parse ] --END-- [ RunTime:0.017146s ]
INFO: [ view_filter ] --START--
INFO: Run Behavior\WriteHtmlCacheBehavior [ RunTime:0.000418s ]
INFO: [ view_filter ] --END-- [ RunTime:0.000467s ]
INFO: [ app_end ] --START--
INFO: Run Behavior\ShowPageTraceBehavior [ RunTime:0.000983s ]
INFO: [ app_end ] --END-- [ RunTime:0.001083s ]

[ 2015-08-13T16:08:49+08:00 ] 127.0.0.1 /gonghenew/admin.php/Productinfo/product_detail/id/skin-config.html
INFO: [ app_begin ] --START--
INFO: Run Behavior\ReadHtmlCacheBehavior [ RunTime:0.000588s ]
INFO: [ app_begin ] --END-- [ RunTime:0.000641s ]
INFO: [ view_parse ] --START--
INFO: [ template_filter ] --START--
INFO: Run Behavior\ContentReplaceBehavior [ RunTime:0.000145s ]
INFO: [ template_filter ] --END-- [ RunTime:0.000209s ]
NOTIC: [8] Undefined variable: info D:\WWW\gonghenew\Runtime\Cache\Admin\195020fbe0e95289d6fe58a13511503e.php 第 515 行.
INFO: Run Behavior\ParseTemplateBehavior [ RunTime:0.015346s ]
INFO: [ view_parse ] --END-- [ RunTime:0.015401s ]
INFO: [ view_filter ] --START--
INFO: Run Behavior\WriteHtmlCacheBehavior [ RunTime:0.000422s ]
INFO: [ view_filter ] --END-- [ RunTime:0.000466s ]
INFO: [ app_end ] --START--
INFO: Run Behavior\ShowPageTraceBehavior [ RunTime:0.000737s ]
INFO: [ app_end ] --END-- [ RunTime:0.000806s ]

[ 2015-08-13T16:08:51+08:00 ] 127.0.0.1 /gonghenew/admin.php/Productinfo/product_detail/id/skin-config.html
INFO: [ app_begin ] --START--
INFO: Run Behavior\ReadHtmlCacheBehavior [ RunTime:0.000634s ]
INFO: [ app_begin ] --END-- [ RunTime:0.000702s ]
INFO: [ view_parse ] --START--
INFO: [ template_filter ] --START--
INFO: Run Behavior\ContentReplaceBehavior [ RunTime:0.000259s ]
INFO: [ template_filter ] --END-- [ RunTime:0.000401s ]
NOTIC: [8] Undefined variable: info D:\WWW\gonghenew\Runtime\Cache\Admin\195020fbe0e95289d6fe58a13511503e.php 第 515 行.
INFO: Run Behavior\ParseTemplateBehavior [ RunTime:0.018352s ]
INFO: [ view_parse ] --END-- [ RunTime:0.018415s ]
INFO: [ view_filter ] --START--
INFO: Run Behavior\WriteHtmlCacheBehavior [ RunTime:0.000426s ]
INFO: [ view_filter ] --END-- [ RunTime:0.000474s ]
INFO: [ app_end ] --START--
INFO: Run Behavior\ShowPageTraceBehavior [ RunTime:0.000887s ]
INFO: [ app_end ] --END-- [ RunTime:0.001001s ]

[ 2015-08-13T16:08:52+08:00 ] 127.0.0.1 /gonghenew/admin.php/Productinfo/product_detail/id/skin-config.html
INFO: [ app_begin ] --START--
INFO: Run Behavior\ReadHtmlCacheBehavior [ RunTime:0.000743s ]
INFO: [ app_begin ] --END-- [ RunTime:0.000833s ]
INFO: [ view_parse ] --START--
INFO: [ template_filter ] --START--
INFO: Run Behavior\ContentReplaceBehavior [ RunTime:0.000145s ]
INFO: [ template_filter ] --END-- [ RunTime:0.000210s ]
NOTIC: [8] Undefined variable: info D:\WWW\gonghenew\Runtime\Cache\Admin\195020fbe0e95289d6fe58a13511503e.php 第 515 行.
INFO: Run Behavior\ParseTemplateBehavior [ RunTime:0.019016s ]
INFO: [ view_parse ] --END-- [ RunTime:0.019076s ]
INFO: [ view_filter ] --START--
INFO: Run Behavior\WriteHtmlCacheBehavior [ RunTime:0.000415s ]
INFO: [ view_filter ] --END-- [ RunTime:0.000459s ]
INFO: [ app_end ] --START--
INFO: Run Behavior\ShowPageTraceBehavior [ RunTime:0.000733s ]
INFO: [ app_end ] --END-- [ RunTime:0.000805s ]

[ 2015-08-13T16:08:54+08:00 ] 127.0.0.1 /gonghenew/admin.php/Productinfo/product_detail/id/skin-config.html
INFO: [ app_begin ] --START--
INFO: Run Behavior\ReadHtmlCacheBehavior [ RunTime:0.000578s ]
INFO: [ app_begin ] --END-- [ RunTime:0.000645s ]
INFO: [ view_parse ] --START--
INFO: [ template_filter ] --START--
INFO: Run Behavior\ContentReplaceBehavior [ RunTime:0.000169s ]
INFO: [ template_filter ] --END-- [ RunTime:0.000233s ]
NOTIC: [8] Undefined variable: info D:\WWW\gonghenew\Runtime\Cache\Admin\195020fbe0e95289d6fe58a13511503e.php 第 515 行.
INFO: Run Behavior\ParseTemplateBehavior [ RunTime:0.015470s ]
INFO: [ view_parse ] --END-- [ RunTime:0.015521s ]
INFO: [ view_filter ] --START--
INFO: Run Behavior\WriteHtmlCacheBehavior [ RunTime:0.000429s ]
INFO: [ view_filter ] --END-- [ RunTime:0.000471s ]
INFO: [ app_end ] --START--
INFO: Run Behavior\ShowPageTraceBehavior [ RunTime:0.000739s ]
INFO: [ app_end ] --END-- [ RunTime:0.000815s ]

[ 2015-08-13T16:08:56+08:00 ] 127.0.0.1 /gonghenew/admin.php/Productinfo/product_detail/id/skin-config.html
INFO: [ app_begin ] --START--
INFO: Run Behavior\ReadHtmlCacheBehavior [ RunTime:0.000784s ]
INFO: [ app_begin ] --END-- [ RunTime:0.000898s ]
INFO: [ view_parse ] --START--
INFO: [ template_filter ] --START--
INFO: Run Behavior\ContentReplaceBehavior [ RunTime:0.000234s ]
INFO: [ template_filter ] --END-- [ RunTime:0.000347s ]
NOTIC: [8] Undefined variable: info D:\WWW\gonghenew\Runtime\Cache\Admin\195020fbe0e95289d6fe58a13511503e.php 第 515 行.
INFO: Run Behavior\ParseTemplateBehavior [ RunTime:0.023636s ]
INFO: [ view_parse ] --END-- [ RunTime:0.023735s ]
INFO: [ view_filter ] --START--
INFO: Run Behavior\WriteHtmlCacheBehavior [ RunTime:0.000651s ]
INFO: [ view_filter ] --END-- [ RunTime:0.000711s ]
INFO: [ app_end ] --START--
INFO: Run Behavior\ShowPageTraceBehavior [ RunTime:0.000810s ]
INFO: [ app_end ] --END-- [ RunTime:0.000896s ]

[ 2015-08-13T16:08:59+08:00 ] 127.0.0.1 /gonghenew/admin.php/Productinfo/product_detail/id/skin-config.html
INFO: [ app_begin ] --START--
INFO: Run Behavior\ReadHtmlCacheBehavior [ RunTime:0.000606s ]
INFO: [ app_begin ] --END-- [ RunTime:0.000670s ]
INFO: [ view_parse ] --START--
INFO: [ template_filter ] --START--
INFO: Run Behavior\ContentReplaceBehavior [ RunTime:0.000144s ]
INFO: [ template_filter ] --END-- [ RunTime:0.000204s ]
NOTIC: [8] Undefined variable: info D:\WWW\gonghenew\Runtime\Cache\Admin\195020fbe0e95289d6fe58a13511503e.php 第 515 行.
INFO: Run Behavior\ParseTemplateBehavior [ RunTime:0.015428s ]
INFO: [ view_parse ] --END-- [ RunTime:0.015482s ]
INFO: [ view_filter ] --START--
INFO: Run Behavior\WriteHtmlCacheBehavior [ RunTime:0.000423s ]
INFO: [ view_filter ] --END-- [ RunTime:0.000467s ]
INFO: [ app_end ] --START--
INFO: Run Behavior\ShowPageTraceBehavior [ RunTime:0.000656s ]
INFO: [ app_end ] --END-- [ RunTime:0.000717s ]

[ 2015-08-13T16:09:01+08:00 ] 127.0.0.1 /gonghenew/admin.php/Productinfo/product_detail/id/skin-config.html
INFO: [ app_begin ] --START--
INFO: Run Behavior\ReadHtmlCacheBehavior [ RunTime:0.000726s ]
INFO: [ app_begin ] --END-- [ RunTime:0.000823s ]
INFO: [ view_parse ] --START--
INFO: [ template_filter ] --START--
INFO: Run Behavior\ContentReplaceBehavior [ RunTime:0.000145s ]
INFO: [ template_filter ] --END-- [ RunTime:0.000220s ]
NOTIC: [8] Undefined variable: info D:\WWW\gonghenew\Runtime\Cache\Admin\195020fbe0e95289d6fe58a13511503e.php 第 515 行.
INFO: Run Behavior\ParseTemplateBehavior [ RunTime:0.017056s ]
INFO: [ view_parse ] --END-- [ RunTime:0.017115s ]
INFO: [ view_filter ] --START--
INFO: Run Behavior\WriteHtmlCacheBehavior [ RunTime:0.000443s ]
INFO: [ view_filter ] --END-- [ RunTime:0.000485s ]
INFO: [ app_end ] --START--
INFO: Run Behavior\ShowPageTraceBehavior [ RunTime:0.000802s ]
INFO: [ app_end ] --END-- [ RunTime:0.000878s ]

[ 2015-08-13T16:09:03+08:00 ] 127.0.0.1 /gonghenew/admin.php/Productinfo/product_detail/id/skin-config.html
INFO: [ app_begin ] --START--
INFO: Run Behavior\ReadHtmlCacheBehavior [ RunTime:0.000922s ]
INFO: [ app_begin ] --END-- [ RunTime:0.001037s ]
INFO: [ view_parse ] --START--
INFO: [ template_filter ] --START--
INFO: Run Behavior\ContentReplaceBehavior [ RunTime:0.000188s ]
INFO: [ template_filter ] --END-- [ RunTime:0.000264s ]
NOTIC: [8] Undefined variable: info D:\WWW\gonghenew\Runtime\Cache\Admin\195020fbe0e95289d6fe58a13511503e.php 第 515 行.
INFO: Run Behavior\ParseTemplateBehavior [ RunTime:0.019716s ]
INFO: [ view_parse ] --END-- [ RunTime:0.019780s ]
INFO: [ view_filter ] --START--
INFO: Run Behavior\WriteHtmlCacheBehavior [ RunTime:0.000435s ]
INFO: [ view_filter ] --END-- [ RunTime:0.000478s ]
INFO: [ app_end ] --START--
INFO: Run Behavior\ShowPageTraceBehavior [ RunTime:0.000649s ]
INFO: [ app_end ] --END-- [ RunTime:0.000722s ]

[ 2015-08-13T16:09:05+08:00 ] 127.0.0.1 /gonghenew/admin.php/Productinfo/product_detail/id/skin-config.html
INFO: [ app_begin ] --START--
INFO: Run Behavior\ReadHtmlCacheBehavior [ RunTime:0.000736s ]
INFO: [ app_begin ] --END-- [ RunTime:0.000804s ]
INFO: [ view_parse ] --START--
INFO: [ template_filter ] --START--
INFO: Run Behavior\ContentReplaceBehavior [ RunTime:0.000146s ]
INFO: [ template_filter ] --END-- [ RunTime:0.000212s ]
NOTIC: [8] Undefined variable: info D:\WWW\gonghenew\Runtime\Cache\Admin\195020fbe0e95289d6fe58a13511503e.php 第 515 行.
INFO: Run Behavior\ParseTemplateBehavior [ RunTime:0.015430s ]
INFO: [ view_parse ] --END-- [ RunTime:0.015484s ]
INFO: [ view_filter ] --START--
INFO: Run Behavior\WriteHtmlCacheBehavior [ RunTime:0.000438s ]
INFO: [ view_filter ] --END-- [ RunTime:0.000484s ]
INFO: [ app_end ] --START--
INFO: Run Behavior\ShowPageTraceBehavior [ RunTime:0.000755s ]
INFO: [ app_end ] --END-- [ RunTime:0.000832s ]

[ 2015-08-13T16:09:07+08:00 ] 127.0.0.1 /gonghenew/admin.php/Productinfo/product_detail/id/skin-config.html
INFO: [ app_begin ] --START--
INFO: Run Behavior\ReadHtmlCacheBehavior [ RunTime:0.000592s ]
INFO: [ app_begin ] --END-- [ RunTime:0.000650s ]
INFO: [ view_parse ] --START--
INFO: [ template_filter ] --START--
INFO: Run Behavior\ContentReplaceBehavior [ RunTime:0.000152s ]
INFO: [ template_filter ] --END-- [ RunTime:0.000213s ]
NOTIC: [8] Undefined variable: info D:\WWW\gonghenew\Runtime\Cache\Admin\195020fbe0e95289d6fe58a13511503e.php 第 515 行.
INFO: Run Behavior\ParseTemplateBehavior [ RunTime:0.015390s ]
INFO: [ view_parse ] --END-- [ RunTime:0.015444s ]
INFO: [ view_filter ] --START--
INFO: Run Behavior\WriteHtmlCacheBehavior [ RunTime:0.000424s ]
INFO: [ view_filter ] --END-- [ RunTime:0.000476s ]
INFO: [ app_end ] --START--
INFO: Run Behavior\ShowPageTraceBehavior [ RunTime:0.000682s ]
INFO: [ app_end ] --END-- [ RunTime:0.000748s ]

[ 2015-08-13T16:09:10+08:00 ] 127.0.0.1 /gonghenew/admin.php/Productinfo/product_detail/id/skin-config.html
INFO: [ app_begin ] --START--
INFO: Run Behavior\ReadHtmlCacheBehavior [ RunTime:0.000856s ]
INFO: [ app_begin ] --END-- [ RunTime:0.000965s ]
INFO: [ view_parse ] --START--
INFO: [ template_filter ] --START--
INFO: Run Behavior\ContentReplaceBehavior [ RunTime:0.000149s ]
INFO: [ template_filter ] --END-- [ RunTime:0.000223s ]
NOTIC: [8] Undefined variable: info D:\WWW\gonghenew\Runtime\Cache\Admin\195020fbe0e95289d6fe58a13511503e.php 第 515 行.
INFO: Run Behavior\ParseTemplateBehavior [ RunTime:0.018582s ]
INFO: [ view_parse ] --END-- [ RunTime:0.018682s ]
INFO: [ view_filter ] --START--
INFO: Run Behavior\WriteHtmlCacheBehavior [ RunTime:0.000545s ]
INFO: [ view_filter ] --END-- [ RunTime:0.000602s ]
INFO: [ app_end ] --START--
INFO: Run Behavior\ShowPageTraceBehavior [ RunTime:0.000944s ]
INFO: [ app_end ] --END-- [ RunTime:0.001046s ]

[ 2015-08-13T16:09:12+08:00 ] 127.0.0.1 /gonghenew/admin.php/Productinfo/product_detail/id/skin-config.html
INFO: [ app_begin ] --START--
INFO: Run Behavior\ReadHtmlCacheBehavior [ RunTime:0.000639s ]
INFO: [ app_begin ] --END-- [ RunTime:0.000699s ]
INFO: [ view_parse ] --START--
INFO: [ template_filter ] --START--
INFO: Run Behavior\ContentReplaceBehavior [ RunTime:0.000141s ]
INFO: [ template_filter ] --END-- [ RunTime:0.000203s ]
NOTIC: [8] Undefined variable: info D:\WWW\gonghenew\Runtime\Cache\Admin\195020fbe0e95289d6fe58a13511503e.php 第 515 行.
INFO: Run Behavior\ParseTemplateBehavior [ RunTime:0.015499s ]
INFO: [ view_parse ] --END-- [ RunTime:0.015552s ]
INFO: [ view_filter ] --START--
INFO: Run Behavior\WriteHtmlCacheBehavior [ RunTime:0.000430s ]
INFO: [ view_filter ] --END-- [ RunTime:0.000472s ]
INFO: [ app_end ] --START--
INFO: Run Behavior\ShowPageTraceBehavior [ RunTime:0.000760s ]
INFO: [ app_end ] --END-- [ RunTime:0.000839s ]

[ 2015-08-13T16:09:15+08:00 ] 127.0.0.1 /gonghenew/admin.php/Productinfo/product_detail/id/skin-config.html
INFO: [ app_begin ] --START--
INFO: Run Behavior\ReadHtmlCacheBehavior [ RunTime:0.000627s ]
INFO: [ app_begin ] --END-- [ RunTime:0.000683s ]
INFO: [ view_parse ] --START--
INFO: [ template_filter ] --START--
INFO: Run Behavior\ContentReplaceBehavior [ RunTime:0.000144s ]
INFO: [ template_filter ] --END-- [ RunTime:0.000207s ]
NOTIC: [8] Undefined variable: info D:\WWW\gonghenew\Runtime\Cache\Admin\195020fbe0e95289d6fe58a13511503e.php 第 515 行.
INFO: Run Behavior\ParseTemplateBehavior [ RunTime:0.015508s ]
INFO: [ view_parse ] --END-- [ RunTime:0.015563s ]
INFO: [ view_filter ] --START--
INFO: Run Behavior\WriteHtmlCacheBehavior [ RunTime:0.000430s ]
INFO: [ view_filter ] --END-- [ RunTime:0.000473s ]
INFO: [ app_end ] --START--
INFO: Run Behavior\ShowPageTraceBehavior [ RunTime:0.000751s ]
INFO: [ app_end ] --END-- [ RunTime:0.000822s ]

[ 2015-08-13T16:09:17+08:00 ] 127.0.0.1 /gonghenew/admin.php/Productinfo/product_detail/id/skin-config.html
INFO: [ app_begin ] --START--
INFO: Run Behavior\ReadHtmlCacheBehavior [ RunTime:0.000629s ]
INFO: [ app_begin ] --END-- [ RunTime:0.000686s ]
INFO: [ view_parse ] --START--
INFO: [ template_filter ] --START--
INFO: Run Behavior\ContentReplaceBehavior [ RunTime:0.000145s ]
INFO: [ template_filter ] --END-- [ RunTime:0.000212s ]
NOTIC: [8] Undefined variable: info D:\WWW\gonghenew\Runtime\Cache\Admin\195020fbe0e95289d6fe58a13511503e.php 第 515 行.
INFO: Run Behavior\ParseTemplateBehavior [ RunTime:0.016055s ]
INFO: [ view_parse ] --END-- [ RunTime:0.016115s ]
INFO: [ view_filter ] --START--
INFO: Run Behavior\WriteHtmlCacheBehavior [ RunTime:0.000439s ]
INFO: [ view_filter ] --END-- [ RunTime:0.000485s ]
INFO: [ app_end ] --START--
INFO: Run Behavior\ShowPageTraceBehavior [ RunTime:0.000775s ]
INFO: [ app_end ] --END-- [ RunTime:0.000853s ]

[ 2015-08-13T16:09:20+08:00 ] 127.0.0.1 /gonghenew/admin.php/Productinfo/product_detail/id/skin-config.html
INFO: [ app_begin ] --START--
INFO: Run Behavior\ReadHtmlCacheBehavior [ RunTime:0.000606s ]
INFO: [ app_begin ] --END-- [ RunTime:0.000683s ]
INFO: [ view_parse ] --START--
INFO: [ template_filter ] --START--
INFO: Run Behavior\ContentReplaceBehavior [ RunTime:0.000164s ]
INFO: [ template_filter ] --END-- [ RunTime:0.000234s ]
NOTIC: [8] Undefined variable: info D:\WWW\gonghenew\Runtime\Cache\Admin\195020fbe0e95289d6fe58a13511503e.php 第 515 行.
INFO: Run Behavior\ParseTemplateBehavior [ RunTime:0.016189s ]
INFO: [ view_parse ] --END-- [ RunTime:0.016245s ]
INFO: [ view_filter ] --START--
INFO: Run Behavior\WriteHtmlCacheBehavior [ RunTime:0.000410s ]
INFO: [ view_filter ] --END-- [ RunTime:0.000455s ]
INFO: [ app_end ] --START--
INFO: Run Behavior\ShowPageTraceBehavior [ RunTime:0.000746s ]
INFO: [ app_end ] --END-- [ RunTime:0.000947s ]

[ 2015-08-13T16:09:22+08:00 ] 127.0.0.1 /gonghenew/admin.php/Productinfo/product_detail/id/skin-config.html
INFO: [ app_begin ] --START--
INFO: Run Behavior\ReadHtmlCacheBehavior [ RunTime:0.000617s ]
INFO: [ app_begin ] --END-- [ RunTime:0.000670s ]
INFO: [ view_parse ] --START--
INFO: [ template_filter ] --START--
INFO: Run Behavior\ContentReplaceBehavior [ RunTime:0.000182s ]
INFO: [ template_filter ] --END-- [ RunTime:0.000243s ]
NOTIC: [8] Undefined variable: info D:\WWW\gonghenew\Runtime\Cache\Admin\195020fbe0e95289d6fe58a13511503e.php 第 515 行.
INFO: Run Behavior\ParseTemplateBehavior [ RunTime:0.015818s ]
INFO: [ view_parse ] --END-- [ RunTime:0.015871s ]
INFO: [ view_filter ] --START--
INFO: Run Behavior\WriteHtmlCacheBehavior [ RunTime:0.000453s ]
INFO: [ view_filter ] --END-- [ RunTime:0.000515s ]
INFO: [ app_end ] --START--
INFO: Run Behavior\ShowPageTraceBehavior [ RunTime:0.000776s ]
INFO: [ app_end ] --END-- [ RunTime:0.000841s ]

[ 2015-08-13T16:09:25+08:00 ] 127.0.0.1 /gonghenew/admin.php/Productinfo/product_detail/id/skin-config.html
INFO: [ app_begin ] --START--
INFO: Run Behavior\ReadHtmlCacheBehavior [ RunTime:0.000715s ]
INFO: [ app_begin ] --END-- [ RunTime:0.000793s ]
INFO: [ view_parse ] --START--
INFO: [ template_filter ] --START--
INFO: Run Behavior\ContentReplaceBehavior [ RunTime:0.000146s ]
INFO: [ template_filter ] --END-- [ RunTime:0.000212s ]
NOTIC: [8] Undefined variable: info D:\WWW\gonghenew\Runtime\Cache\Admin\195020fbe0e95289d6fe58a13511503e.php 第 515 行.
INFO: Run Behavior\ParseTemplateBehavior [ RunTime:0.017735s ]
INFO: [ view_parse ] --END-- [ RunTime:0.017827s ]
INFO: [ view_filter ] --START--
INFO: Run Behavior\WriteHtmlCacheBehavior [ RunTime:0.000459s ]
INFO: [ view_filter ] --END-- [ RunTime:0.000505s ]
INFO: [ app_end ] --START--
INFO: Run Behavior\ShowPageTraceBehavior [ RunTime:0.000681s ]
INFO: [ app_end ] --END-- [ RunTime:0.000751s ]

[ 2015-08-13T16:09:28+08:00 ] 127.0.0.1 /gonghenew/admin.php/Productinfo/product_detail/id/skin-config.html
INFO: [ app_begin ] --START--
INFO: Run Behavior\ReadHtmlCacheBehavior [ RunTime:0.000582s ]
INFO: [ app_begin ] --END-- [ RunTime:0.000634s ]
ERR: 模板不存在:./Application/Admin/View/themes/Productinfo/product_detaile.html
NOTIC: [2] include() [<a href='function.include'>function.include</a>]: Filename cannot be empty D:\WWW\gonghenew\ThinkPHP\Library\Think\Think.class.php 第 314 行.
NOTIC: [2] include() [<a href='function.include'>function.include</a>]: Failed opening '' for inclusion (include_path='.;C:\php\pear') D:\WWW\gonghenew\ThinkPHP\Library\Think\Think.class.php 第 314 行.

[ 2015-08-13T16:15:06+08:00 ] 127.0.0.1 /gonghenew/admin.php/Productinfo/skin-config.html
INFO: [ app_begin ] --START--
INFO: Run Behavior\ReadHtmlCacheBehavior [ RunTime:0.000572s ]
INFO: [ app_begin ] --END-- [ RunTime:0.000635s ]
ERR: 非法操作:skin-config
NOTIC: [2] include() [<a href='function.include'>function.include</a>]: Filename cannot be empty D:\WWW\gonghenew\ThinkPHP\Library\Think\Think.class.php 第 314 行.
NOTIC: [2] include() [<a href='function.include'>function.include</a>]: Failed opening '' for inclusion (include_path='.;C:\php\pear') D:\WWW\gonghenew\ThinkPHP\Library\Think\Think.class.php 第 314 行.

[ 2015-08-13T16:15:09+08:00 ] 127.0.0.1 /gonghenew/admin.php/Productinfo/product_detail.html
ERR: SQLSTATE[42000]: Syntax error or access violation: 1064 You have an error in your SQL syntax; check the manual that corresponds to your MySQL server version for the right syntax to use near '' at line 1

[ 2015-08-13T16:16:03+08:00 ] 127.0.0.1 /gonghenew/admin.php/Productinfo/product_detail.html
ERR: SQLSTATE[42000]: Syntax error or access violation: 1064 You have an error in your SQL syntax; check the manual that corresponds to your MySQL server version for the right syntax to use near '' at line 1

[ 2015-08-13T16:16:10+08:00 ] 127.0.0.1 /gonghenew/admin.php/Productinfo/product_detail.html
ERR: SQLSTATE[42000]: Syntax error or access violation: 1064 You have an error in your SQL syntax; check the manual that corresponds to your MySQL server version for the right syntax to use near '' at line 1

[ 2015-08-13T16:34:26+08:00 ] 127.0.0.1 /gonghenew/admin.php/Productinfo/product_detail/
ERR: SQLSTATE[42000]: Syntax error or access violation: 1064 You have an error in your SQL syntax; check the manual that corresponds to your MySQL server version for the right syntax to use near '' at line 1

[ 2015-08-13T16:34:29+08:00 ] 127.0.0.1 /gonghenew/admin.php/Productinfo/product_detail
ERR: SQLSTATE[42000]: Syntax error or access violation: 1064 You have an error in your SQL syntax; check the manual that corresponds to your MySQL server version for the right syntax to use near '' at line 1

[ 2015-08-13T16:34:51+08:00 ] 127.0.0.1 /gonghenew/admin.php/Productinfo/product_detail
ERR: SQLSTATE[42000]: Syntax error or access violation: 1064 You have an error in your SQL syntax; check the manual that corresponds to your MySQL server version for the right syntax to use near '' at line 1

[ 2015-08-13T16:35:10+08:00 ] 127.0.0.1 /gonghenew/admin.php/Productinfo/product_detail
ERR: SQLSTATE[42000]: Syntax error or access violation: 1064 You have an error in your SQL syntax; check the manual that corresponds to your MySQL server version for the right syntax to use near '' at line 1

[ 2015-08-13T16:35:31+08:00 ] 127.0.0.1 /gonghenew/admin.php/Productinfo/product_detail
ERR: SQLSTATE[42000]: Syntax error or access violation: 1064 You have an error in your SQL syntax; check the manual that corresponds to your MySQL server version for the right syntax to use near '' at line 1

[ 2015-08-13T16:35:51+08:00 ] 127.0.0.1 /gonghenew/admin.php/Productinfo/product_detail
ERR: SQLSTATE[42000]: Syntax error or access violation: 1064 You have an error in your SQL syntax; check the manual that corresponds to your MySQL server version for the right syntax to use near '' at line 1

[ 2015-08-13T16:36:10+08:00 ] 127.0.0.1 /gonghenew/admin.php/Productinfo/product_detail
ERR: SQLSTATE[42000]: Syntax error or access violation: 1064 You have an error in your SQL syntax; check the manual that corresponds to your MySQL server version for the right syntax to use near '' at line 1

[ 2015-08-13T16:37:01+08:00 ] 127.0.0.1 /gonghenew/admin.php/Productinfo/product_detail
ERR: SQLSTATE[42000]: Syntax error or access violation: 1064 You have an error in your SQL syntax; check the manual that corresponds to your MySQL server version for the right syntax to use near '' at line 1

[ 2015-08-13T16:37:02+08:00 ] 127.0.0.1 /gonghenew/admin.php/Productinfo/product_detail
ERR: SQLSTATE[42000]: Syntax error or access violation: 1064 You have an error in your SQL syntax; check the manual that corresponds to your MySQL server version for the right syntax to use near '' at line 1

[ 2015-08-13T16:37:03+08:00 ] 127.0.0.1 /gonghenew/admin.php/Productinfo/product_detail
ERR: SQLSTATE[42000]: Syntax error or access violation: 1064 You have an error in your SQL syntax; check the manual that corresponds to your MySQL server version for the right syntax to use near '' at line 1

[ 2015-08-13T16:37:12+08:00 ] 127.0.0.1 /gonghenew/admin.php/Productinfo/skin-config.html
INFO: [ app_begin ] --START--
INFO: Run Behavior\ReadHtmlCacheBehavior [ RunTime:0.000533s ]
INFO: [ app_begin ] --END-- [ RunTime:0.000588s ]
ERR: 非法操作:skin-config
NOTIC: [2] include() [<a href='function.include'>function.include</a>]: Filename cannot be empty D:\WWW\gonghenew\ThinkPHP\Library\Think\Think.class.php 第 314 行.
NOTIC: [2] include() [<a href='function.include'>function.include</a>]: Failed opening '' for inclusion (include_path='.;C:\php\pear') D:\WWW\gonghenew\ThinkPHP\Library\Think\Think.class.php 第 314 行.

[ 2015-08-13T16:37:22+08:00 ] 127.0.0.1 /gonghenew/admin.php/Productinfo/product_detail.html
ERR: SQLSTATE[42000]: Syntax error or access violation: 1064 You have an error in your SQL syntax; check the manual that corresponds to your MySQL server version for the right syntax to use near '' at line 1

[ 2015-08-13T16:39:22+08:00 ] 127.0.0.1 /gonghenew/admin.php/Productinfo/skin-config.html
INFO: [ app_begin ] --START--
INFO: Run Behavior\ReadHtmlCacheBehavior [ RunTime:0.000549s ]
INFO: [ app_begin ] --END-- [ RunTime:0.000604s ]
ERR: 非法操作:skin-config
NOTIC: [2] include() [<a href='function.include'>function.include</a>]: Filename cannot be empty D:\WWW\gonghenew\ThinkPHP\Library\Think\Think.class.php 第 314 行.
NOTIC: [2] include() [<a href='function.include'>function.include</a>]: Failed opening '' for inclusion (include_path='.;C:\php\pear') D:\WWW\gonghenew\ThinkPHP\Library\Think\Think.class.php 第 314 行.

[ 2015-08-13T16:40:10+08:00 ] 127.0.0.1 /gonghenew/admin.php/Productinfo/product_detail/id/skin-config.html
INFO: [ app_begin ] --START--
INFO: Run Behavior\ReadHtmlCacheBehavior [ RunTime:0.000528s ]
INFO: [ app_begin ] --END-- [ RunTime:0.000580s ]
INFO: [ view_parse ] --START--
INFO: [ template_filter ] --START--
INFO: Run Behavior\ContentReplaceBehavior [ RunTime:0.000108s ]
INFO: [ template_filter ] --END-- [ RunTime:0.000177s ]
INFO: Run Behavior\ParseTemplateBehavior [ RunTime:0.012373s ]
INFO: [ view_parse ] --END-- [ RunTime:0.012434s ]
INFO: [ view_filter ] --START--
INFO: Run Behavior\WriteHtmlCacheBehavior [ RunTime:0.000373s ]
INFO: [ view_filter ] --END-- [ RunTime:0.000416s ]
INFO: [ app_end ] --START--
INFO: Run Behavior\ShowPageTraceBehavior [ RunTime:0.000723s ]
INFO: [ app_end ] --END-- [ RunTime:0.000798s ]

[ 2015-08-13T16:40:10+08:00 ] 127.0.0.1 /gonghenew/admin.php/Productinfo/product_detail/id/skin-config.html
INFO: [ app_begin ] --START--
INFO: Run Behavior\ReadHtmlCacheBehavior [ RunTime:0.000546s ]
INFO: [ app_begin ] --END-- [ RunTime:0.000608s ]
INFO: [ view_parse ] --START--
INFO: [ template_filter ] --START--
INFO: Run Behavior\ContentReplaceBehavior [ RunTime:0.000122s ]
INFO: [ template_filter ] --END-- [ RunTime:0.000220s ]
INFO: Run Behavior\ParseTemplateBehavior [ RunTime:0.011591s ]
INFO: [ view_parse ] --END-- [ RunTime:0.011653s ]
INFO: [ view_filter ] --START--
INFO: Run Behavior\WriteHtmlCacheBehavior [ RunTime:0.000379s ]
INFO: [ view_filter ] --END-- [ RunTime:0.000425s ]
INFO: [ app_end ] --START--
INFO: Run Behavior\ShowPageTraceBehavior [ RunTime:0.000704s ]
INFO: [ app_end ] --END-- [ RunTime:0.000775s ]

[ 2015-08-13T16:40:11+08:00 ] 127.0.0.1 /gonghenew/admin.php/Productinfo/product_detail/id/skin-config.html
INFO: [ app_begin ] --START--
INFO: Run Behavior\ReadHtmlCacheBehavior [ RunTime:0.000605s ]
INFO: [ app_begin ] --END-- [ RunTime:0.000676s ]
INFO: [ view_parse ] --START--
INFO: [ template_filter ] --START--
INFO: Run Behavior\ContentReplaceBehavior [ RunTime:0.000112s ]
INFO: [ template_filter ] --END-- [ RunTime:0.000189s ]
INFO: Run Behavior\ParseTemplateBehavior [ RunTime:0.012035s ]
INFO: [ view_parse ] --END-- [ RunTime:0.012122s ]
INFO: [ view_filter ] --START--
INFO: Run Behavior\WriteHtmlCacheBehavior [ RunTime:0.000536s ]
INFO: [ view_filter ] --END-- [ RunTime:0.000609s ]
INFO: [ app_end ] --START--
INFO: Run Behavior\ShowPageTraceBehavior [ RunTime:0.000723s ]
INFO: [ app_end ] --END-- [ RunTime:0.000795s ]

[ 2015-08-13T16:40:11+08:00 ] 127.0.0.1 /gonghenew/admin.php/Productinfo/product_detail/id/skin-config.html
INFO: [ app_begin ] --START--
INFO: Run Behavior\ReadHtmlCacheBehavior [ RunTime:0.000611s ]
INFO: [ app_begin ] --END-- [ RunTime:0.000678s ]
INFO: [ view_parse ] --START--
INFO: [ template_filter ] --START--
INFO: Run Behavior\ContentReplaceBehavior [ RunTime:0.000115s ]
INFO: [ template_filter ] --END-- [ RunTime:0.000181s ]
INFO: Run Behavior\ParseTemplateBehavior [ RunTime:0.011334s ]
INFO: [ view_parse ] --END-- [ RunTime:0.011399s ]
INFO: [ view_filter ] --START--
INFO: Run Behavior\WriteHtmlCacheBehavior [ RunTime:0.000410s ]
INFO: [ view_filter ] --END-- [ RunTime:0.000456s ]
INFO: [ app_end ] --START--
INFO: Run Behavior\ShowPageTraceBehavior [ RunTime:0.000674s ]
INFO: [ app_end ] --END-- [ RunTime:0.000750s ]

[ 2015-08-13T16:40:11+08:00 ] 127.0.0.1 /gonghenew/admin.php/Productinfo/product_detail/id/skin-config.html
INFO: [ app_begin ] --START--
INFO: Run Behavior\ReadHtmlCacheBehavior [ RunTime:0.000640s ]
INFO: [ app_begin ] --END-- [ RunTime:0.000698s ]
INFO: [ view_parse ] --START--
INFO: [ template_filter ] --START--
INFO: Run Behavior\ContentReplaceBehavior [ RunTime:0.000139s ]
INFO: [ template_filter ] --END-- [ RunTime:0.000210s ]
INFO: Run Behavior\ParseTemplateBehavior [ RunTime:0.011675s ]
INFO: [ view_parse ] --END-- [ RunTime:0.011742s ]
INFO: [ view_filter ] --START--
INFO: Run Behavior\WriteHtmlCacheBehavior [ RunTime:0.000452s ]
INFO: [ view_filter ] --END-- [ RunTime:0.000499s ]
INFO: [ app_end ] --START--
INFO: Run Behavior\ShowPageTraceBehavior [ RunTime:0.000657s ]
INFO: [ app_end ] --END-- [ RunTime:0.000716s ]

[ 2015-08-13T16:40:12+08:00 ] 127.0.0.1 /gonghenew/admin.php/Productinfo/product_detail/id/skin-config.html
INFO: [ app_begin ] --START--
INFO: Run Behavior\ReadHtmlCacheBehavior [ RunTime:0.000552s ]
INFO: [ app_begin ] --END-- [ RunTime:0.000606s ]
INFO: [ view_parse ] --START--
INFO: [ template_filter ] --START--
INFO: Run Behavior\ContentReplaceBehavior [ RunTime:0.000140s ]
INFO: [ template_filter ] --END-- [ RunTime:0.000218s ]
INFO: Run Behavior\ParseTemplateBehavior [ RunTime:0.012892s ]
INFO: [ view_parse ] --END-- [ RunTime:0.012961s ]
INFO: [ view_filter ] --START--
INFO: Run Behavior\WriteHtmlCacheBehavior [ RunTime:0.000414s ]
INFO: [ view_filter ] --END-- [ RunTime:0.000465s ]
INFO: [ app_end ] --START--
INFO: Run Behavior\ShowPageTraceBehavior [ RunTime:0.000815s ]
INFO: [ app_end ] --END-- [ RunTime:0.000890s ]

[ 2015-08-13T16:40:12+08:00 ] 127.0.0.1 /gonghenew/admin.php/Productinfo/product_detail/id/skin-config.html
INFO: [ app_begin ] --START--
INFO: Run Behavior\ReadHtmlCacheBehavior [ RunTime:0.000598s ]
INFO: [ app_begin ] --END-- [ RunTime:0.000681s ]
INFO: [ view_parse ] --START--
INFO: [ template_filter ] --START--
INFO: Run Behavior\ContentReplaceBehavior [ RunTime:0.000150s ]
INFO: [ template_filter ] --END-- [ RunTime:0.000223s ]
INFO: Run Behavior\ParseTemplateBehavior [ RunTime:0.012725s ]
INFO: [ view_parse ] --END-- [ RunTime:0.012796s ]
INFO: [ view_filter ] --START--
INFO: Run Behavior\WriteHtmlCacheBehavior [ RunTime:0.000433s ]
INFO: [ view_filter ] --END-- [ RunTime:0.000480s ]
INFO: [ app_end ] --START--
INFO: Run Behavior\ShowPageTraceBehavior [ RunTime:0.000708s ]
INFO: [ app_end ] --END-- [ RunTime:0.000768s ]

[ 2015-08-13T16:40:13+08:00 ] 127.0.0.1 /gonghenew/admin.php/Productinfo/product_detail/id/skin-config.html
INFO: [ app_begin ] --START--
INFO: Run Behavior\ReadHtmlCacheBehavior [ RunTime:0.000534s ]
INFO: [ app_begin ] --END-- [ RunTime:0.000586s ]
INFO: [ view_parse ] --START--
INFO: [ template_filter ] --START--
INFO: Run Behavior\ContentReplaceBehavior [ RunTime:0.000167s ]
INFO: [ template_filter ] --END-- [ RunTime:0.000242s ]
INFO: Run Behavior\ParseTemplateBehavior [ RunTime:0.012072s ]
INFO: [ view_parse ] --END-- [ RunTime:0.012153s ]
INFO: [ view_filter ] --START--
INFO: Run Behavior\WriteHtmlCacheBehavior [ RunTime:0.000409s ]
INFO: [ view_filter ] --END-- [ RunTime:0.000453s ]
INFO: [ app_end ] --START--
INFO: Run Behavior\ShowPageTraceBehavior [ RunTime:0.000836s ]
INFO: [ app_end ] --END-- [ RunTime:0.000910s ]

[ 2015-08-13T16:40:13+08:00 ] 127.0.0.1 /gonghenew/admin.php/Productinfo/product_detail/id/skin-config.html
INFO: [ app_begin ] --START--
INFO: Run Behavior\ReadHtmlCacheBehavior [ RunTime:0.000516s ]
INFO: [ app_begin ] --END-- [ RunTime:0.000591s ]
INFO: [ view_parse ] --START--
INFO: [ template_filter ] --START--
INFO: Run Behavior\ContentReplaceBehavior [ RunTime:0.000114s ]
INFO: [ template_filter ] --END-- [ RunTime:0.000184s ]
INFO: Run Behavior\ParseTemplateBehavior [ RunTime:0.011646s ]
INFO: [ view_parse ] --END-- [ RunTime:0.011705s ]
INFO: [ view_filter ] --START--
INFO: Run Behavior\WriteHtmlCacheBehavior [ RunTime:0.000438s ]
INFO: [ view_filter ] --END-- [ RunTime:0.000482s ]
INFO: [ app_end ] --START--
INFO: Run Behavior\ShowPageTraceBehavior [ RunTime:0.000701s ]
INFO: [ app_end ] --END-- [ RunTime:0.000766s ]

[ 2015-08-13T16:40:14+08:00 ] 127.0.0.1 /gonghenew/admin.php/Productinfo/product_detail/id/skin-config.html
INFO: [ app_begin ] --START--
INFO: Run Behavior\ReadHtmlCacheBehavior [ RunTime:0.000652s ]
INFO: [ app_begin ] --END-- [ RunTime:0.000728s ]
INFO: [ view_parse ] --START--
INFO: [ template_filter ] --START--
INFO: Run Behavior\ContentReplaceBehavior [ RunTime:0.000118s ]
INFO: [ template_filter ] --END-- [ RunTime:0.000189s ]
INFO: Run Behavior\ParseTemplateBehavior [ RunTime:0.011790s ]
INFO: [ view_parse ] --END-- [ RunTime:0.011871s ]
INFO: [ view_filter ] --START--
INFO: Run Behavior\WriteHtmlCacheBehavior [ RunTime:0.000516s ]
INFO: [ view_filter ] --END-- [ RunTime:0.000560s ]
INFO: [ app_end ] --START--
INFO: Run Behavior\ShowPageTraceBehavior [ RunTime:0.000787s ]
INFO: [ app_end ] --END-- [ RunTime:0.000855s ]

[ 2015-08-13T16:40:15+08:00 ] 127.0.0.1 /gonghenew/admin.php/Productinfo/product_detail/id/skin-config.html
INFO: [ app_begin ] --START--
INFO: Run Behavior\ReadHtmlCacheBehavior [ RunTime:0.000780s ]
INFO: [ app_begin ] --END-- [ RunTime:0.000843s ]
INFO: [ view_parse ] --START--
INFO: [ template_filter ] --START--
INFO: Run Behavior\ContentReplaceBehavior [ RunTime:0.000114s ]
INFO: [ template_filter ] --END-- [ RunTime:0.000188s ]
INFO: Run Behavior\ParseTemplateBehavior [ RunTime:0.011838s ]
INFO: [ view_parse ] --END-- [ RunTime:0.011911s ]
INFO: [ view_filter ] --START--
INFO: Run Behavior\WriteHtmlCacheBehavior [ RunTime:0.000379s ]
INFO: [ view_filter ] --END-- [ RunTime:0.000424s ]
INFO: [ app_end ] --START--
INFO: Run Behavior\ShowPageTraceBehavior [ RunTime:0.000750s ]
INFO: [ app_end ] --END-- [ RunTime:0.000818s ]

[ 2015-08-13T16:40:15+08:00 ] 127.0.0.1 /gonghenew/admin.php/Productinfo/product_detail/id/skin-config.html
INFO: [ app_begin ] --START--
INFO: Run Behavior\ReadHtmlCacheBehavior [ RunTime:0.000651s ]
INFO: [ app_begin ] --END-- [ RunTime:0.000730s ]
INFO: [ view_parse ] --START--
INFO: [ template_filter ] --START--
INFO: Run Behavior\ContentReplaceBehavior [ RunTime:0.000114s ]
INFO: [ template_filter ] --END-- [ RunTime:0.000187s ]
INFO: Run Behavior\ParseTemplateBehavior [ RunTime:0.013162s ]
INFO: [ view_parse ] --END-- [ RunTime:0.013237s ]
INFO: [ view_filter ] --START--
INFO: Run Behavior\WriteHtmlCacheBehavior [ RunTime:0.000463s ]
INFO: [ view_filter ] --END-- [ RunTime:0.000516s ]
INFO: [ app_end ] --START--
INFO: Run Behavior\ShowPageTraceBehavior [ RunTime:0.000662s ]
INFO: [ app_end ] --END-- [ RunTime:0.000726s ]

[ 2015-08-13T16:40:16+08:00 ] 127.0.0.1 /gonghenew/admin.php/Productinfo/product_detail/id/skin-config.html
INFO: [ app_begin ] --START--
INFO: Run Behavior\ReadHtmlCacheBehavior [ RunTime:0.000931s ]
INFO: [ app_begin ] --END-- [ RunTime:0.001054s ]
INFO: [ view_parse ] --START--
INFO: [ template_filter ] --START--
INFO: Run Behavior\ContentReplaceBehavior [ RunTime:0.000173s ]
INFO: [ template_filter ] --END-- [ RunTime:0.000301s ]
INFO: Run Behavior\ParseTemplateBehavior [ RunTime:0.013456s ]
INFO: [ view_parse ] --END-- [ RunTime:0.013534s ]
INFO: [ view_filter ] --START--
INFO: Run Behavior\WriteHtmlCacheBehavior [ RunTime:0.000517s ]
INFO: [ view_filter ] --END-- [ RunTime:0.000571s ]
INFO: [ app_end ] --START--
INFO: Run Behavior\ShowPageTraceBehavior [ RunTime:0.000730s ]
INFO: [ app_end ] --END-- [ RunTime:0.000805s ]

[ 2015-08-13T16:40:17+08:00 ] 127.0.0.1 /gonghenew/admin.php/Productinfo/product_detail/id/skin-config.html
INFO: [ app_begin ] --START--
INFO: Run Behavior\ReadHtmlCacheBehavior [ RunTime:0.000610s ]
INFO: [ app_begin ] --END-- [ RunTime:0.000687s ]
INFO: [ view_parse ] --START--
INFO: [ template_filter ] --START--
INFO: Run Behavior\ContentReplaceBehavior [ RunTime:0.000143s ]
INFO: [ template_filter ] --END-- [ RunTime:0.000216s ]
INFO: Run Behavior\ParseTemplateBehavior [ RunTime:0.011827s ]
INFO: [ view_parse ] --END-- [ RunTime:0.011894s ]
INFO: [ view_filter ] --START--
INFO: Run Behavior\WriteHtmlCacheBehavior [ RunTime:0.000476s ]
INFO: [ view_filter ] --END-- [ RunTime:0.000527s ]
INFO: [ app_end ] --START--
INFO: Run Behavior\ShowPageTraceBehavior [ RunTime:0.000822s ]
INFO: [ app_end ] --END-- [ RunTime:0.000916s ]

[ 2015-08-13T16:40:17+08:00 ] 127.0.0.1 /gonghenew/admin.php/Productinfo/product_detail/id/skin-config.html
INFO: [ app_begin ] --START--
INFO: Run Behavior\ReadHtmlCacheBehavior [ RunTime:0.000650s ]
INFO: [ app_begin ] --END-- [ RunTime:0.000756s ]
INFO: [ view_parse ] --START--
INFO: [ template_filter ] --START--
INFO: Run Behavior\ContentReplaceBehavior [ RunTime:0.000132s ]
INFO: [ template_filter ] --END-- [ RunTime:0.000244s ]
INFO: Run Behavior\ParseTemplateBehavior [ RunTime:0.013641s ]
INFO: [ view_parse ] --END-- [ RunTime:0.013736s ]
INFO: [ view_filter ] --START--
INFO: Run Behavior\WriteHtmlCacheBehavior [ RunTime:0.000476s ]
INFO: [ view_filter ] --END-- [ RunTime:0.000556s ]
INFO: [ app_end ] --START--
INFO: Run Behavior\ShowPageTraceBehavior [ RunTime:0.000789s ]
INFO: [ app_end ] --END-- [ RunTime:0.000889s ]

[ 2015-08-13T16:40:18+08:00 ] 127.0.0.1 /gonghenew/admin.php/Productinfo/product_detail/id/skin-config.html
INFO: [ app_begin ] --START--
INFO: Run Behavior\ReadHtmlCacheBehavior [ RunTime:0.000699s ]
INFO: [ app_begin ] --END-- [ RunTime:0.000788s ]
INFO: [ view_parse ] --START--
INFO: [ template_filter ] --START--
INFO: Run Behavior\ContentReplaceBehavior [ RunTime:0.000145s ]
INFO: [ template_filter ] --END-- [ RunTime:0.000220s ]
INFO: Run Behavior\ParseTemplateBehavior [ RunTime:0.012260s ]
INFO: [ view_parse ] --END-- [ RunTime:0.012323s ]
INFO: [ view_filter ] --START--
INFO: Run Behavior\WriteHtmlCacheBehavior [ RunTime:0.000561s ]
INFO: [ view_filter ] --END-- [ RunTime:0.000612s ]
INFO: [ app_end ] --START--
INFO: Run Behavior\ShowPageTraceBehavior [ RunTime:0.000778s ]
INFO: [ app_end ] --END-- [ RunTime:0.000843s ]

[ 2015-08-13T16:40:19+08:00 ] 127.0.0.1 /gonghenew/admin.php/Productinfo/product_detail/id/skin-config.html
INFO: [ app_begin ] --START--
INFO: Run Behavior\ReadHtmlCacheBehavior [ RunTime:0.000618s ]
INFO: [ app_begin ] --END-- [ RunTime:0.000695s ]
INFO: [ view_parse ] --START--
INFO: [ template_filter ] --START--
INFO: Run Behavior\ContentReplaceBehavior [ RunTime:0.000126s ]
INFO: [ template_filter ] --END-- [ RunTime:0.000208s ]
INFO: Run Behavior\ParseTemplateBehavior [ RunTime:0.012909s ]
INFO: [ view_parse ] --END-- [ RunTime:0.012987s ]
INFO: [ view_filter ] --START--
INFO: Run Behavior\WriteHtmlCacheBehavior [ RunTime:0.000407s ]
INFO: [ view_filter ] --END-- [ RunTime:0.000456s ]
INFO: [ app_end ] --START--
INFO: Run Behavior\ShowPageTraceBehavior [ RunTime:0.000768s ]
INFO: [ app_end ] --END-- [ RunTime:0.000852s ]

[ 2015-08-13T16:40:20+08:00 ] 127.0.0.1 /gonghenew/admin.php/Productinfo/product_detail/id/skin-config.html
INFO: [ app_begin ] --START--
INFO: Run Behavior\ReadHtmlCacheBehavior [ RunTime:0.000504s ]
INFO: [ app_begin ] --END-- [ RunTime:0.000578s ]
INFO: [ view_parse ] --START--
INFO: [ template_filter ] --START--
INFO: Run Behavior\ContentReplaceBehavior [ RunTime:0.000181s ]
INFO: [ template_filter ] --END-- [ RunTime:0.000317s ]
INFO: Run Behavior\ParseTemplateBehavior [ RunTime:0.013381s ]
INFO: [ view_parse ] --END-- [ RunTime:0.013461s ]
INFO: [ view_filter ] --START--
INFO: Run Behavior\WriteHtmlCacheBehavior [ RunTime:0.000430s ]
INFO: [ view_filter ] --END-- [ RunTime:0.000477s ]
INFO: [ app_end ] --START--
INFO: Run Behavior\ShowPageTraceBehavior [ RunTime:0.000689s ]
INFO: [ app_end ] --END-- [ RunTime:0.000748s ]

[ 2015-08-13T16:40:21+08:00 ] 127.0.0.1 /gonghenew/admin.php/Productinfo/product_detail/id/skin-config.html
INFO: [ app_begin ] --START--
INFO: Run Behavior\ReadHtmlCacheBehavior [ RunTime:0.000488s ]
INFO: [ app_begin ] --END-- [ RunTime:0.000553s ]
INFO: [ view_parse ] --START--
INFO: [ template_filter ] --START--
INFO: Run Behavior\ContentReplaceBehavior [ RunTime:0.000119s ]
INFO: [ template_filter ] --END-- [ RunTime:0.000204s ]
INFO: Run Behavior\ParseTemplateBehavior [ RunTime:0.012297s ]
INFO: [ view_parse ] --END-- [ RunTime:0.012375s ]
INFO: [ view_filter ] --START--
INFO: Run Behavior\WriteHtmlCacheBehavior [ RunTime:0.000506s ]
INFO: [ view_filter ] --END-- [ RunTime:0.000558s ]
INFO: [ app_end ] --START--
INFO: Run Behavior\ShowPageTraceBehavior [ RunTime:0.000784s ]
INFO: [ app_end ] --END-- [ RunTime:0.000862s ]

[ 2015-08-13T16:40:22+08:00 ] 127.0.0.1 /gonghenew/admin.php/Productinfo/product_detail/id/skin-config.html
INFO: [ app_begin ] --START--
INFO: Run Behavior\ReadHtmlCacheBehavior [ RunTime:0.000478s ]
INFO: [ app_begin ] --END-- [ RunTime:0.000533s ]
INFO: [ view_parse ] --START--
INFO: [ template_filter ] --START--
INFO: Run Behavior\ContentReplaceBehavior [ RunTime:0.000114s ]
INFO: [ template_filter ] --END-- [ RunTime:0.000186s ]
INFO: Run Behavior\ParseTemplateBehavior [ RunTime:0.011559s ]
INFO: [ view_parse ] --END-- [ RunTime:0.011625s ]
INFO: [ view_filter ] --START--
INFO: Run Behavior\WriteHtmlCacheBehavior [ RunTime:0.000468s ]
INFO: [ view_filter ] --END-- [ RunTime:0.000528s ]
INFO: [ app_end ] --START--
INFO: Run Behavior\ShowPageTraceBehavior [ RunTime:0.000792s ]
INFO: [ app_end ] --END-- [ RunTime:0.000862s ]

[ 2015-08-13T16:40:23+08:00 ] 127.0.0.1 /gonghenew/admin.php/Productinfo/product_detail/id/skin-config.html
INFO: [ app_begin ] --START--
INFO: Run Behavior\ReadHtmlCacheBehavior [ RunTime:0.000512s ]
INFO: [ app_begin ] --END-- [ RunTime:0.000591s ]
INFO: [ view_parse ] --START--
INFO: [ template_filter ] --START--
INFO: Run Behavior\ContentReplaceBehavior [ RunTime:0.000119s ]
INFO: [ template_filter ] --END-- [ RunTime:0.000196s ]
INFO: Run Behavior\ParseTemplateBehavior [ RunTime:0.011902s ]
INFO: [ view_parse ] --END-- [ RunTime:0.011969s ]
INFO: [ view_filter ] --START--
INFO: Run Behavior\WriteHtmlCacheBehavior [ RunTime:0.000429s ]
INFO: [ view_filter ] --END-- [ RunTime:0.000478s ]
INFO: [ app_end ] --START--
INFO: Run Behavior\ShowPageTraceBehavior [ RunTime:0.000664s ]
INFO: [ app_end ] --END-- [ RunTime:0.000723s ]

[ 2015-08-13T16:40:24+08:00 ] 127.0.0.1 /gonghenew/admin.php/Productinfo/product_detail/id/skin-config.html
INFO: [ app_begin ] --START--
INFO: Run Behavior\ReadHtmlCacheBehavior [ RunTime:0.000512s ]
INFO: [ app_begin ] --END-- [ RunTime:0.000581s ]
INFO: [ view_parse ] --START--
INFO: [ template_filter ] --START--
INFO: Run Behavior\ContentReplaceBehavior [ RunTime:0.000117s ]
INFO: [ template_filter ] --END-- [ RunTime:0.000183s ]
INFO: Run Behavior\ParseTemplateBehavior [ RunTime:0.011951s ]
INFO: [ view_parse ] --END-- [ RunTime:0.012020s ]
INFO: [ view_filter ] --START--
INFO: Run Behavior\WriteHtmlCacheBehavior [ RunTime:0.000493s ]
INFO: [ view_filter ] --END-- [ RunTime:0.000546s ]
INFO: [ app_end ] --START--
INFO: Run Behavior\ShowPageTraceBehavior [ RunTime:0.000967s ]
INFO: [ app_end ] --END-- [ RunTime:0.001040s ]

[ 2015-08-13T16:40:30+08:00 ] 127.0.0.1 /gonghenew/admin.php/Productinfo/
ERR: 非法操作:index

[ 2015-08-13T16:40:39+08:00 ] 127.0.0.1 /gonghenew/admin.php/Productinfo/skin-config.html
INFO: [ app_begin ] --START--
INFO: Run Behavior\ReadHtmlCacheBehavior [ RunTime:0.000533s ]
INFO: [ app_begin ] --END-- [ RunTime:0.000587s ]
ERR: 非法操作:skin-config
NOTIC: [2] include() [<a href='function.include'>function.include</a>]: Filename cannot be empty D:\WWW\gonghenew\ThinkPHP\Library\Think\Think.class.php 第 314 行.
NOTIC: [2] include() [<a href='function.include'>function.include</a>]: Failed opening '' for inclusion (include_path='.;C:\php\pear') D:\WWW\gonghenew\ThinkPHP\Library\Think\Think.class.php 第 314 行.

[ 2015-08-13T16:40:41+08:00 ] 127.0.0.1 /gonghenew/admin.php/Productinfo/skin-config.html
INFO: [ app_begin ] --START--
INFO: Run Behavior\ReadHtmlCacheBehavior [ RunTime:0.000716s ]
INFO: [ app_begin ] --END-- [ RunTime:0.000809s ]
ERR: 非法操作:skin-config
NOTIC: [2] include() [<a href='function.include'>function.include</a>]: Filename cannot be empty D:\WWW\gonghenew\ThinkPHP\Library\Think\Think.class.php 第 314 行.
NOTIC: [2] include() [<a href='function.include'>function.include</a>]: Failed opening '' for inclusion (include_path='.;C:\php\pear') D:\WWW\gonghenew\ThinkPHP\Library\Think\Think.class.php 第 314 行.

[ 2015-08-13T16:44:11+08:00 ] 127.0.0.1 /gonghenew/admin.php/Productinfo/skin-config.html
INFO: [ app_begin ] --START--
INFO: Run Behavior\ReadHtmlCacheBehavior [ RunTime:0.000976s ]
INFO: [ app_begin ] --END-- [ RunTime:0.001106s ]
ERR: 非法操作:skin-config
NOTIC: [2] include() [<a href='function.include'>function.include</a>]: Filename cannot be empty D:\WWW\gonghenew\ThinkPHP\Library\Think\Think.class.php 第 314 行.
NOTIC: [2] include() [<a href='function.include'>function.include</a>]: Failed opening '' for inclusion (include_path='.;C:\php\pear') D:\WWW\gonghenew\ThinkPHP\Library\Think\Think.class.php 第 314 行.

[ 2015-08-13T16:44:41+08:00 ] 127.0.0.1 /gonghenew/admin.php/Productinfo/skin-config.html
INFO: [ app_begin ] --START--
INFO: Run Behavior\ReadHtmlCacheBehavior [ RunTime:0.000944s ]
INFO: [ app_begin ] --END-- [ RunTime:0.001051s ]
ERR: 非法操作:skin-config
NOTIC: [2] include() [<a href='function.include'>function.include</a>]: Filename cannot be empty D:\WWW\gonghenew\ThinkPHP\Library\Think\Think.class.php 第 314 行.
NOTIC: [2] include() [<a href='function.include'>function.include</a>]: Failed opening '' for inclusion (include_path='.;C:\php\pear') D:\WWW\gonghenew\ThinkPHP\Library\Think\Think.class.php 第 314 行.

[ 2015-08-13T16:48:15+08:00 ] 127.0.0.1 /gonghenew/admin.php/Productinfo/skin-config.html
INFO: [ app_begin ] --START--
INFO: Run Behavior\ReadHtmlCacheBehavior [ RunTime:0.001006s ]
INFO: [ app_begin ] --END-- [ RunTime:0.001161s ]
ERR: 非法操作:skin-config
NOTIC: [2] include() [<a href='function.include'>function.include</a>]: Filename cannot be empty D:\WWW\gonghenew\ThinkPHP\Library\Think\Think.class.php 第 314 行.
NOTIC: [2] include() [<a href='function.include'>function.include</a>]: Failed opening '' for inclusion (include_path='.;C:\php\pear') D:\WWW\gonghenew\ThinkPHP\Library\Think\Think.class.php 第 314 行.

[ 2015-08-13T16:54:38+08:00 ] 127.0.0.1 /gonghenew/admin.php/Productinfo/skin-config.html
INFO: [ app_begin ] --START--
INFO: Run Behavior\ReadHtmlCacheBehavior [ RunTime:0.001995s ]
INFO: [ app_begin ] --END-- [ RunTime:0.002153s ]
ERR: 非法操作:skin-config
NOTIC: [2] include() [<a href='function.include'>function.include</a>]: Filename cannot be empty D:\WWW\gonghenew\ThinkPHP\Library\Think\Think.class.php 第 314 行.
NOTIC: [2] include() [<a href='function.include'>function.include</a>]: Failed opening '' for inclusion (include_path='.;C:\php\pear') D:\WWW\gonghenew\ThinkPHP\Library\Think\Think.class.php 第 314 行.

[ 2015-08-13T16:57:28+08:00 ] 127.0.0.1 /gonghenew/admin.php/Productinfo/skin-config.html
INFO: [ app_begin ] --START--
INFO: Run Behavior\ReadHtmlCacheBehavior [ RunTime:0.000739s ]
INFO: [ app_begin ] --END-- [ RunTime:0.000858s ]
ERR: 非法操作:skin-config
NOTIC: [2] include() [<a href='function.include'>function.include</a>]: Filename cannot be empty D:\WWW\gonghenew\ThinkPHP\Library\Think\Think.class.php 第 314 行.
NOTIC: [2] include() [<a href='function.include'>function.include</a>]: Failed opening '' for inclusion (include_path='.;C:\php\pear') D:\WWW\gonghenew\ThinkPHP\Library\Think\Think.class.php 第 314 行.

[ 2015-08-13T16:57:33+08:00 ] 127.0.0.1 /gonghenew/admin.php/Productinfo/skin-config.html
INFO: [ app_begin ] --START--
INFO: Run Behavior\ReadHtmlCacheBehavior [ RunTime:0.000643s ]
INFO: [ app_begin ] --END-- [ RunTime:0.000724s ]
ERR: 非法操作:skin-config
NOTIC: [2] include() [<a href='function.include'>function.include</a>]: Filename cannot be empty D:\WWW\gonghenew\ThinkPHP\Library\Think\Think.class.php 第 314 行.
NOTIC: [2] include() [<a href='function.include'>function.include</a>]: Failed opening '' for inclusion (include_path='.;C:\php\pear') D:\WWW\gonghenew\ThinkPHP\Library\Think\Think.class.php 第 314 行.

[ 2015-08-13T17:01:30+08:00 ] 127.0.0.1 /gonghenew/admin.php/Productinfo/skin-config.html
INFO: [ app_begin ] --START--
INFO: Run Behavior\ReadHtmlCacheBehavior [ RunTime:0.001666s ]
INFO: [ app_begin ] --END-- [ RunTime:0.001909s ]
ERR: 非法操作:skin-config
NOTIC: [2] include() [<a href='function.include'>function.include</a>]: Filename cannot be empty D:\WWW\gonghenew\ThinkPHP\Library\Think\Think.class.php 第 314 行.
NOTIC: [2] include() [<a href='function.include'>function.include</a>]: Failed opening '' for inclusion (include_path='.;C:\php\pear') D:\WWW\gonghenew\ThinkPHP\Library\Think\Think.class.php 第 314 行.

[ 2015-08-13T17:02:12+08:00 ] 127.0.0.1 /gonghenew/admin.php/Productinfo/skin-config.html
INFO: [ app_begin ] --START--
INFO: Run Behavior\ReadHtmlCacheBehavior [ RunTime:0.000655s ]
INFO: [ app_begin ] --END-- [ RunTime:0.000728s ]
ERR: 非法操作:skin-config
NOTIC: [2] include() [<a href='function.include'>function.include</a>]: Filename cannot be empty D:\WWW\gonghenew\ThinkPHP\Library\Think\Think.class.php 第 314 行.
NOTIC: [2] include() [<a href='function.include'>function.include</a>]: Failed opening '' for inclusion (include_path='.;C:\php\pear') D:\WWW\gonghenew\ThinkPHP\Library\Think\Think.class.php 第 314 行.

[ 2015-08-13T17:02:46+08:00 ] 127.0.0.1 /gonghenew/admin.php/Productinfo/skin-config.html
INFO: [ app_begin ] --START--
INFO: Run Behavior\ReadHtmlCacheBehavior [ RunTime:0.000909s ]
INFO: [ app_begin ] --END-- [ RunTime:0.001027s ]
ERR: 非法操作:skin-config
NOTIC: [2] include() [<a href='function.include'>function.include</a>]: Filename cannot be empty D:\WWW\gonghenew\ThinkPHP\Library\Think\Think.class.php 第 314 行.
NOTIC: [2] include() [<a href='function.include'>function.include</a>]: Failed opening '' for inclusion (include_path='.;C:\php\pear') D:\WWW\gonghenew\ThinkPHP\Library\Think\Think.class.php 第 314 行.

[ 2015-08-13T17:06:40+08:00 ] 127.0.0.1 /gonghenew/admin.php/Productinfo/skin-config.html
INFO: [ app_begin ] --START--
INFO: Run Behavior\ReadHtmlCacheBehavior [ RunTime:0.001109s ]
INFO: [ app_begin ] --END-- [ RunTime:0.001314s ]
ERR: 非法操作:skin-config
NOTIC: [2] include() [<a href='function.include'>function.include</a>]: Filename cannot be empty D:\WWW\gonghenew\ThinkPHP\Library\Think\Think.class.php 第 314 行.
NOTIC: [2] include() [<a href='function.include'>function.include</a>]: Failed opening '' for inclusion (include_path='.;C:\php\pear') D:\WWW\gonghenew\ThinkPHP\Library\Think\Think.class.php 第 314 行.

[ 2015-08-13T17:08:39+08:00 ] 127.0.0.1 /gonghenew/admin.php/Productinfo/skin-config.html
INFO: [ app_begin ] --START--
INFO: Run Behavior\ReadHtmlCacheBehavior [ RunTime:0.000598s ]
INFO: [ app_begin ] --END-- [ RunTime:0.000671s ]
ERR: 非法操作:skin-config
NOTIC: [2] include() [<a href='function.include'>function.include</a>]: Filename cannot be empty D:\WWW\gonghenew\ThinkPHP\Library\Think\Think.class.php 第 314 行.
NOTIC: [2] include() [<a href='function.include'>function.include</a>]: Failed opening '' for inclusion (include_path='.;C:\php\pear') D:\WWW\gonghenew\ThinkPHP\Library\Think\Think.class.php 第 314 行.

[ 2015-08-13T17:11:36+08:00 ] 127.0.0.1 /gonghenew/admin.php/Productinfo/skin-config.html
INFO: [ app_begin ] --START--
INFO: Run Behavior\ReadHtmlCacheBehavior [ RunTime:0.000977s ]
INFO: [ app_begin ] --END-- [ RunTime:0.001093s ]
ERR: 非法操作:skin-config
NOTIC: [2] include() [<a href='function.include'>function.include</a>]: Filename cannot be empty D:\WWW\gonghenew\ThinkPHP\Library\Think\Think.class.php 第 314 行.
NOTIC: [2] include() [<a href='function.include'>function.include</a>]: Failed opening '' for inclusion (include_path='.;C:\php\pear') D:\WWW\gonghenew\ThinkPHP\Library\Think\Think.class.php 第 314 行.

[ 2015-08-13T17:12:50+08:00 ] 127.0.0.1 /gonghenew/admin.php/Productinfo/skin-config.html
INFO: [ app_begin ] --START--
INFO: Run Behavior\ReadHtmlCacheBehavior [ RunTime:0.000572s ]
INFO: [ app_begin ] --END-- [ RunTime:0.000655s ]
ERR: 非法操作:skin-config
NOTIC: [2] include() [<a href='function.include'>function.include</a>]: Filename cannot be empty D:\WWW\gonghenew\ThinkPHP\Library\Think\Think.class.php 第 314 行.
NOTIC: [2] include() [<a href='function.include'>function.include</a>]: Failed opening '' for inclusion (include_path='.;C:\php\pear') D:\WWW\gonghenew\ThinkPHP\Library\Think\Think.class.php 第 314 行.

[ 2015-08-13T17:13:39+08:00 ] 127.0.0.1 /gonghenew/admin.php/Productinfo/skin-config.html
INFO: [ app_begin ] --START--
INFO: Run Behavior\ReadHtmlCacheBehavior [ RunTime:0.000944s ]
INFO: [ app_begin ] --END-- [ RunTime:0.001063s ]
ERR: 非法操作:skin-config
NOTIC: [2] include() [<a href='function.include'>function.include</a>]: Filename cannot be empty D:\WWW\gonghenew\ThinkPHP\Library\Think\Think.class.php 第 314 行.
NOTIC: [2] include() [<a href='function.include'>function.include</a>]: Failed opening '' for inclusion (include_path='.;C:\php\pear') D:\WWW\gonghenew\ThinkPHP\Library\Think\Think.class.php 第 314 行.

[ 2015-08-13T17:30:47+08:00 ] 127.0.0.1 /gonghenew/admin.php/Productinfo/skin-config.html
INFO: [ app_begin ] --START--
INFO: Run Behavior\ReadHtmlCacheBehavior [ RunTime:0.001008s ]
INFO: [ app_begin ] --END-- [ RunTime:0.001172s ]
ERR: 非法操作:skin-config
NOTIC: [2] include() [<a href='function.include'>function.include</a>]: Filename cannot be empty D:\WWW\gonghenew\ThinkPHP\Library\Think\Think.class.php 第 314 行.
NOTIC: [2] include() [<a href='function.include'>function.include</a>]: Failed opening '' for inclusion (include_path='.;C:\php\pear') D:\WWW\gonghenew\ThinkPHP\Library\Think\Think.class.php 第 314 行.

[ 2015-08-13T17:31:25+08:00 ] 127.0.0.1 /gonghenew/admin.php/Productinfo/skin-config.html
INFO: [ app_begin ] --START--
INFO: Run Behavior\ReadHtmlCacheBehavior [ RunTime:0.000716s ]
INFO: [ app_begin ] --END-- [ RunTime:0.000815s ]
ERR: 非法操作:skin-config
NOTIC: [2] include() [<a href='function.include'>function.include</a>]: Filename cannot be empty D:\WWW\gonghenew\ThinkPHP\Library\Think\Think.class.php 第 314 行.
NOTIC: [2] include() [<a href='function.include'>function.include</a>]: Failed opening '' for inclusion (include_path='.;C:\php\pear') D:\WWW\gonghenew\ThinkPHP\Library\Think\Think.class.php 第 314 行.

[ 2015-08-13T17:35:34+08:00 ] 127.0.0.1 /gonghenew/admin.php/Productinfo/skin-config.html
INFO: [ app_begin ] --START--
INFO: Run Behavior\ReadHtmlCacheBehavior [ RunTime:0.000946s ]
INFO: [ app_begin ] --END-- [ RunTime:0.001075s ]
ERR: 非法操作:skin-config
NOTIC: [2] include() [<a href='function.include'>function.include</a>]: Filename cannot be empty D:\WWW\gonghenew\ThinkPHP\Library\Think\Think.class.php 第 314 行.
NOTIC: [2] include() [<a href='function.include'>function.include</a>]: Failed opening '' for inclusion (include_path='.;C:\php\pear') D:\WWW\gonghenew\ThinkPHP\Library\Think\Think.class.php 第 314 行.

[ 2015-08-13T17:36:46+08:00 ] 127.0.0.1 /gonghenew/admin.php/Productinfo/skin-config.html
INFO: [ app_begin ] --START--
INFO: Run Behavior\ReadHtmlCacheBehavior [ RunTime:0.001123s ]
INFO: [ app_begin ] --END-- [ RunTime:0.001276s ]
ERR: 非法操作:skin-config
NOTIC: [2] include() [<a href='function.include'>function.include</a>]: Filename cannot be empty D:\WWW\gonghenew\ThinkPHP\Library\Think\Think.class.php 第 314 行.
NOTIC: [2] include() [<a href='function.include'>function.include</a>]: Failed opening '' for inclusion (include_path='.;C:\php\pear') D:\WWW\gonghenew\ThinkPHP\Library\Think\Think.class.php 第 314 行.

[ 2015-08-13T17:37:01+08:00 ] 127.0.0.1 /gonghenew/admin.php/Productinfo/skin-config.html
INFO: [ app_begin ] --START--
INFO: Run Behavior\ReadHtmlCacheBehavior [ RunTime:0.000937s ]
INFO: [ app_begin ] --END-- [ RunTime:0.001056s ]
ERR: 非法操作:skin-config
NOTIC: [2] include() [<a href='function.include'>function.include</a>]: Filename cannot be empty D:\WWW\gonghenew\ThinkPHP\Library\Think\Think.class.php 第 314 行.
NOTIC: [2] include() [<a href='function.include'>function.include</a>]: Failed opening '' for inclusion (include_path='.;C:\php\pear') D:\WWW\gonghenew\ThinkPHP\Library\Think\Think.class.php 第 314 行.

[ 2015-08-13T17:43:16+08:00 ] 127.0.0.1 /gonghenew/admin.php/Productinfo/skin-config.html
INFO: [ app_begin ] --START--
INFO: Run Behavior\ReadHtmlCacheBehavior [ RunTime:0.000613s ]
INFO: [ app_begin ] --END-- [ RunTime:0.000678s ]
ERR: 非法操作:skin-config
NOTIC: [2] include() [<a href='function.include'>function.include</a>]: Filename cannot be empty D:\WWW\gonghenew\ThinkPHP\Library\Think\Think.class.php 第 314 行.
NOTIC: [2] include() [<a href='function.include'>function.include</a>]: Failed opening '' for inclusion (include_path='.;C:\php\pear') D:\WWW\gonghenew\ThinkPHP\Library\Think\Think.class.php 第 314 行.

[ 2015-08-13T17:43:29+08:00 ] 127.0.0.1 /gonghenew/admin.php/Productinfo/product_detail?id=12
ERR: XML标签语法错误 : condition="$data['turn_id'] eq '0'"/

[ 2015-08-13T17:43:43+08:00 ] 127.0.0.1 /gonghenew/admin.php/Productinfo/skin-config.html
INFO: [ app_begin ] --START--
INFO: Run Behavior\ReadHtmlCacheBehavior [ RunTime:0.000870s ]
INFO: [ app_begin ] --END-- [ RunTime:0.000985s ]
ERR: 非法操作:skin-config
NOTIC: [2] include() [<a href='function.include'>function.include</a>]: Filename cannot be empty D:\WWW\gonghenew\ThinkPHP\Library\Think\Think.class.php 第 314 行.
NOTIC: [2] include() [<a href='function.include'>function.include</a>]: Failed opening '' for inclusion (include_path='.;C:\php\pear') D:\WWW\gonghenew\ThinkPHP\Library\Think\Think.class.php 第 314 行.

[ 2015-08-13T17:50:54+08:00 ] 127.0.0.1 /gonghenew/admin.php/Productinfo/skin-config.html
INFO: [ app_begin ] --START--
INFO: Run Behavior\ReadHtmlCacheBehavior [ RunTime:0.000888s ]
INFO: [ app_begin ] --END-- [ RunTime:0.000987s ]
ERR: 非法操作:skin-config
NOTIC: [2] include() [<a href='function.include'>function.include</a>]: Filename cannot be empty D:\WWW\gonghenew\ThinkPHP\Library\Think\Think.class.php 第 314 行.
NOTIC: [2] include() [<a href='function.include'>function.include</a>]: Failed opening '' for inclusion (include_path='.;C:\php\pear') D:\WWW\gonghenew\ThinkPHP\Library\Think\Think.class.php 第 314 行.

[ 2015-08-13T17:51:24+08:00 ] 127.0.0.1 /gonghenew/admin.php/Productinfo/skin-config.html
INFO: [ app_begin ] --START--
INFO: Run Behavior\ReadHtmlCacheBehavior [ RunTime:0.001002s ]
INFO: [ app_begin ] --END-- [ RunTime:0.001086s ]
ERR: 非法操作:skin-config
NOTIC: [2] include() [<a href='function.include'>function.include</a>]: Filename cannot be empty D:\WWW\gonghenew\ThinkPHP\Library\Think\Think.class.php 第 314 行.
NOTIC: [2] include() [<a href='function.include'>function.include</a>]: Failed opening '' for inclusion (include_path='.;C:\php\pear') D:\WWW\gonghenew\ThinkPHP\Library\Think\Think.class.php 第 314 行.

[ 2015-08-13T17:51:58+08:00 ] 127.0.0.1 /gonghenew/admin.php/Productinfo/skin-config.html
INFO: [ app_begin ] --START--
INFO: Run Behavior\ReadHtmlCacheBehavior [ RunTime:0.000968s ]
INFO: [ app_begin ] --END-- [ RunTime:0.001083s ]
ERR: 非法操作:skin-config
NOTIC: [2] include() [<a href='function.include'>function.include</a>]: Filename cannot be empty D:\WWW\gonghenew\ThinkPHP\Library\Think\Think.class.php 第 314 行.
NOTIC: [2] include() [<a href='function.include'>function.include</a>]: Failed opening '' for inclusion (include_path='.;C:\php\pear') D:\WWW\gonghenew\ThinkPHP\Library\Think\Think.class.php 第 314 行.

[ 2015-08-13T17:57:02+08:00 ] 127.0.0.1 /gonghenew/admin.php/Productinfo/skin-config.html
INFO: [ app_begin ] --START--
INFO: Run Behavior\ReadHtmlCacheBehavior [ RunTime:0.000627s ]
INFO: [ app_begin ] --END-- [ RunTime:0.000682s ]
ERR: 非法操作:skin-config
NOTIC: [2] include() [<a href='function.include'>function.include</a>]: Filename cannot be empty D:\WWW\gonghenew\ThinkPHP\Library\Think\Think.class.php 第 314 行.
NOTIC: [2] include() [<a href='function.include'>function.include</a>]: Failed opening '' for inclusion (include_path='.;C:\php\pear') D:\WWW\gonghenew\ThinkPHP\Library\Think\Think.class.php 第 314 行.

[ 2015-08-13T17:57:16+08:00 ] 127.0.0.1 /gonghenew/admin.php/Productinfo/skin-config.html
INFO: [ app_begin ] --START--
INFO: Run Behavior\ReadHtmlCacheBehavior [ RunTime:0.000538s ]
INFO: [ app_begin ] --END-- [ RunTime:0.000591s ]
ERR: 非法操作:skin-config
NOTIC: [2] include() [<a href='function.include'>function.include</a>]: Filename cannot be empty D:\WWW\gonghenew\ThinkPHP\Library\Think\Think.class.php 第 314 行.
NOTIC: [2] include() [<a href='function.include'>function.include</a>]: Failed opening '' for inclusion (include_path='.;C:\php\pear') D:\WWW\gonghenew\ThinkPHP\Library\Think\Think.class.php 第 314 行.

[ 2015-08-13T18:00:27+08:00 ] 127.0.0.1 /gonghenew/admin.php/Productinfo/skin-config.html
INFO: [ app_begin ] --START--
INFO: Run Behavior\ReadHtmlCacheBehavior [ RunTime:0.000595s ]
INFO: [ app_begin ] --END-- [ RunTime:0.000665s ]
ERR: 非法操作:skin-config
NOTIC: [2] include() [<a href='function.include'>function.include</a>]: Filename cannot be empty D:\WWW\gonghenew\ThinkPHP\Library\Think\Think.class.php 第 314 行.
NOTIC: [2] include() [<a href='function.include'>function.include</a>]: Failed opening '' for inclusion (include_path='.;C:\php\pear') D:\WWW\gonghenew\ThinkPHP\Library\Think\Think.class.php 第 314 行.

