[ 2015-08-12T20:17:35+08:00 ] 127.0.0.1 /gonghenew/admin.php/Productinfo/product_launch.html
ERR: SQLSTATE[42S02]: Base table or view not found: 1146 Table 'gonghe_new.gonghe_productfile' doesn't exist

[ 2015-08-12T20:18:51+08:00 ] 127.0.0.1 /gonghenew/admin.php/Productinfo/product_launch.html
ERR: SQLSTATE[42S02]: Base table or view not found: 1146 Table 'gonghe_new.gonghe_productfile' doesn't exist

[ 2015-08-12T20:21:13+08:00 ] 127.0.0.1 /gonghenew/admin.php/Productinfo/product_launch.html
ERR: SQLSTATE[42S02]: Base table or view not found: 1146 Table 'gonghe_new.gonghe_productfile' doesn't exist

[ 2015-08-12T20:23:41+08:00 ] 127.0.0.1 /gonghenew/admin.php/Productinfo/product_launch.html
ERR: SQLSTATE[42S02]: Base table or view not found: 1146 Table 'gonghe_new.gonghe_productfile' doesn't exist

[ 2015-08-12T20:28:51+08:00 ] 127.0.0.1 /gonghenew/admin.php/Productinfo/product_launch.html
ERR: SQLSTATE[42S02]: Base table or view not found: 1146 Table 'gonghe_new.gonghe_productfile' doesn't exist

[ 2015-08-12T20:29:44+08:00 ] 127.0.0.1 /gonghenew/admin.php/Productinfo/product_launch.html
ERR: SQLSTATE[42S02]: Base table or view not found: 1146 Table 'gonghe_new.gonghe_productfile' doesn't exist

[ 2015-08-12T20:30:18+08:00 ] 127.0.0.1 /gonghenew/admin.php/Productinfo/product_launch.html
ERR: SQLSTATE[42S02]: Base table or view not found: 1146 Table 'gonghe_new.gonghe_productfiles' doesn't exist

[ 2015-08-12T20:32:22+08:00 ] 127.0.0.1 /gonghenew/admin.php/Productinfo/product_launch.html
ERR: SQLSTATE[42S02]: Base table or view not found: 1146 Table 'gonghe_new.gonghe_productfile' doesn't exist

[ 2015-08-12T20:34:24+08:00 ] 127.0.0.1 /gonghenew/admin.php/Productinfo/product_launch.html
ERR: SQLSTATE[42S02]: Base table or view not found: 1146 Table 'gonghe_new.gonghe_productfile' doesn't exist

[ 2015-08-12T20:35:21+08:00 ] 127.0.0.1 /gonghenew/admin.php/Productinfo/product_launch.html
ERR: SQLSTATE[42S02]: Base table or view not found: 1146 Table 'gonghe_new.gonghe_productfile' doesn't exist

[ 2015-08-12T20:36:18+08:00 ] 127.0.0.1 /gonghenew/admin.php/Productinfo/product_launch.html
ERR: SQLSTATE[42S02]: Base table or view not found: 1146 Table 'gonghe_new.gonghe_productfile' doesn't exist

[ 2015-08-12T20:36:34+08:00 ] 127.0.0.1 /gonghenew/admin.php/Productinfo/product_launch.html
ERR: SQLSTATE[42S02]: Base table or view not found: 1146 Table 'gonghe_new.gonghe_productfile' doesn't exist

[ 2015-08-12T20:54:59+08:00 ] 127.0.0.1 /gonghenew/admin.php/Productinfo/product_launch.html
ERR: Think\Controller:addfile方法不存在！

[ 2015-08-12T20:55:19+08:00 ] 127.0.0.1 /gonghenew/admin.php/Productinfo/product_launch.html
ERR: Think\Controller:addfile方法不存在！

[ 2015-08-12T21:04:20+08:00 ] 127.0.0.1 /gonghenew/admin.php/Productinfo/skin-config.html
INFO: [ app_begin ] --START--
INFO: Run Behavior\ReadHtmlCacheBehavior [ RunTime:0.000528s ]
INFO: [ app_begin ] --END-- [ RunTime:0.000589s ]
ERR: 非法操作:skin-config
NOTIC: [2] include() [<a href='function.include'>function.include</a>]: Filename cannot be empty D:\WWW\gonghenew\ThinkPHP\Library\Think\Think.class.php 第 314 行.
NOTIC: [2] include() [<a href='function.include'>function.include</a>]: Failed opening '' for inclusion (include_path='.;C:\php\pear') D:\WWW\gonghenew\ThinkPHP\Library\Think\Think.class.php 第 314 行.

[ 2015-08-12T21:04:35+08:00 ] 127.0.0.1 /gonghenew/admin.php/Productinfo/skin-config.html
INFO: [ app_begin ] --START--
INFO: Run Behavior\ReadHtmlCacheBehavior [ RunTime:0.000472s ]
INFO: [ app_begin ] --END-- [ RunTime:0.000529s ]
ERR: 非法操作:skin-config
NOTIC: [2] include() [<a href='function.include'>function.include</a>]: Filename cannot be empty D:\WWW\gonghenew\ThinkPHP\Library\Think\Think.class.php 第 314 行.
NOTIC: [2] include() [<a href='function.include'>function.include</a>]: Failed opening '' for inclusion (include_path='.;C:\php\pear') D:\WWW\gonghenew\ThinkPHP\Library\Think\Think.class.php 第 314 行.

[ 2015-08-12T21:06:00+08:00 ] 127.0.0.1 /gonghenew/admin.php/Productinfo/skin-config.html
INFO: [ app_begin ] --START--
INFO: Run Behavior\ReadHtmlCacheBehavior [ RunTime:0.000527s ]
INFO: [ app_begin ] --END-- [ RunTime:0.000586s ]
ERR: 非法操作:skin-config
NOTIC: [2] include() [<a href='function.include'>function.include</a>]: Filename cannot be empty D:\WWW\gonghenew\ThinkPHP\Library\Think\Think.class.php 第 314 行.
NOTIC: [2] include() [<a href='function.include'>function.include</a>]: Failed opening '' for inclusion (include_path='.;C:\php\pear') D:\WWW\gonghenew\ThinkPHP\Library\Think\Think.class.php 第 314 行.

[ 2015-08-12T21:06:26+08:00 ] 127.0.0.1 /gonghenew/admin.php/Productinfo/skin-config.html
INFO: [ app_begin ] --START--
INFO: Run Behavior\ReadHtmlCacheBehavior [ RunTime:0.000518s ]
INFO: [ app_begin ] --END-- [ RunTime:0.000587s ]
ERR: 非法操作:skin-config
NOTIC: [2] include() [<a href='function.include'>function.include</a>]: Filename cannot be empty D:\WWW\gonghenew\ThinkPHP\Library\Think\Think.class.php 第 314 行.
NOTIC: [2] include() [<a href='function.include'>function.include</a>]: Failed opening '' for inclusion (include_path='.;C:\php\pear') D:\WWW\gonghenew\ThinkPHP\Library\Think\Think.class.php 第 314 行.

[ 2015-08-12T21:12:35+08:00 ] 127.0.0.1 /gonghenew/admin.php/Productinfo/skin-config.html
INFO: [ app_begin ] --START--
INFO: Run Behavior\ReadHtmlCacheBehavior [ RunTime:0.000554s ]
INFO: [ app_begin ] --END-- [ RunTime:0.000615s ]
ERR: 非法操作:skin-config
NOTIC: [2] include() [<a href='function.include'>function.include</a>]: Filename cannot be empty D:\WWW\gonghenew\ThinkPHP\Library\Think\Think.class.php 第 314 行.
NOTIC: [2] include() [<a href='function.include'>function.include</a>]: Failed opening '' for inclusion (include_path='.;C:\php\pear') D:\WWW\gonghenew\ThinkPHP\Library\Think\Think.class.php 第 314 行.

[ 2015-08-12T21:17:11+08:00 ] 127.0.0.1 /gonghenew/admin.php/Productinfo/skin-config.html
INFO: [ app_begin ] --START--
INFO: Run Behavior\ReadHtmlCacheBehavior [ RunTime:0.000623s ]
INFO: [ app_begin ] --END-- [ RunTime:0.000697s ]
ERR: 非法操作:skin-config
NOTIC: [2] include() [<a href='function.include'>function.include</a>]: Filename cannot be empty D:\WWW\gonghenew\ThinkPHP\Library\Think\Think.class.php 第 314 行.
NOTIC: [2] include() [<a href='function.include'>function.include</a>]: Failed opening '' for inclusion (include_path='.;C:\php\pear') D:\WWW\gonghenew\ThinkPHP\Library\Think\Think.class.php 第 314 行.

[ 2015-08-12T21:17:14+08:00 ] 127.0.0.1 /gonghenew/admin.php/Productinfo/skin-config.html
INFO: [ app_begin ] --START--
INFO: Run Behavior\ReadHtmlCacheBehavior [ RunTime:0.001109s ]
INFO: [ app_begin ] --END-- [ RunTime:0.001242s ]
ERR: 非法操作:skin-config
NOTIC: [2] include() [<a href='function.include'>function.include</a>]: Filename cannot be empty D:\WWW\gonghenew\ThinkPHP\Library\Think\Think.class.php 第 314 行.
NOTIC: [2] include() [<a href='function.include'>function.include</a>]: Failed opening '' for inclusion (include_path='.;C:\php\pear') D:\WWW\gonghenew\ThinkPHP\Library\Think\Think.class.php 第 314 行.

[ 2015-08-12T21:17:26+08:00 ] 127.0.0.1 /gonghenew/admin.php/Productinfo/project_detail.html
ERR: 非法操作:project_detail

[ 2015-08-12T21:17:29+08:00 ] 127.0.0.1 /gonghenew/admin.php/Productinfo/skin-config.html
INFO: [ app_begin ] --START--
INFO: Run Behavior\ReadHtmlCacheBehavior [ RunTime:0.000630s ]
INFO: [ app_begin ] --END-- [ RunTime:0.000706s ]
ERR: 非法操作:skin-config
NOTIC: [2] include() [<a href='function.include'>function.include</a>]: Filename cannot be empty D:\WWW\gonghenew\ThinkPHP\Library\Think\Think.class.php 第 314 行.
NOTIC: [2] include() [<a href='function.include'>function.include</a>]: Failed opening '' for inclusion (include_path='.;C:\php\pear') D:\WWW\gonghenew\ThinkPHP\Library\Think\Think.class.php 第 314 行.

[ 2015-08-12T21:17:33+08:00 ] 127.0.0.1 /gonghenew/admin.php/Productinfo/skin-config.html
INFO: [ app_begin ] --START--
INFO: Run Behavior\ReadHtmlCacheBehavior [ RunTime:0.000712s ]
INFO: [ app_begin ] --END-- [ RunTime:0.000795s ]
ERR: 非法操作:skin-config
NOTIC: [2] include() [<a href='function.include'>function.include</a>]: Filename cannot be empty D:\WWW\gonghenew\ThinkPHP\Library\Think\Think.class.php 第 314 行.
NOTIC: [2] include() [<a href='function.include'>function.include</a>]: Failed opening '' for inclusion (include_path='.;C:\php\pear') D:\WWW\gonghenew\ThinkPHP\Library\Think\Think.class.php 第 314 行.

[ 2015-08-12T21:22:12+08:00 ] 127.0.0.1 /gonghenew/admin.php/Productinfo/skin-config.html
INFO: [ app_begin ] --START--
INFO: Run Behavior\ReadHtmlCacheBehavior [ RunTime:0.000617s ]
INFO: [ app_begin ] --END-- [ RunTime:0.000703s ]
ERR: 非法操作:skin-config
NOTIC: [2] include() [<a href='function.include'>function.include</a>]: Filename cannot be empty D:\WWW\gonghenew\ThinkPHP\Library\Think\Think.class.php 第 314 行.
NOTIC: [2] include() [<a href='function.include'>function.include</a>]: Failed opening '' for inclusion (include_path='.;C:\php\pear') D:\WWW\gonghenew\ThinkPHP\Library\Think\Think.class.php 第 314 行.

[ 2015-08-12T21:29:55+08:00 ] 127.0.0.1 /gonghenew/admin.php/Productinfo/skin-config.html
INFO: [ app_begin ] --START--
INFO: Run Behavior\ReadHtmlCacheBehavior [ RunTime:0.000602s ]
INFO: [ app_begin ] --END-- [ RunTime:0.000677s ]
ERR: 非法操作:skin-config
NOTIC: [2] include() [<a href='function.include'>function.include</a>]: Filename cannot be empty D:\WWW\gonghenew\ThinkPHP\Library\Think\Think.class.php 第 314 行.
NOTIC: [2] include() [<a href='function.include'>function.include</a>]: Failed opening '' for inclusion (include_path='.;C:\php\pear') D:\WWW\gonghenew\ThinkPHP\Library\Think\Think.class.php 第 314 行.

[ 2015-08-12T21:30:20+08:00 ] 127.0.0.1 /gonghenew/admin.php/Productinfo/skin-config.html
INFO: [ app_begin ] --START--
INFO: Run Behavior\ReadHtmlCacheBehavior [ RunTime:0.000531s ]
INFO: [ app_begin ] --END-- [ RunTime:0.000613s ]
ERR: 非法操作:skin-config
NOTIC: [2] include() [<a href='function.include'>function.include</a>]: Filename cannot be empty D:\WWW\gonghenew\ThinkPHP\Library\Think\Think.class.php 第 314 行.
NOTIC: [2] include() [<a href='function.include'>function.include</a>]: Failed opening '' for inclusion (include_path='.;C:\php\pear') D:\WWW\gonghenew\ThinkPHP\Library\Think\Think.class.php 第 314 行.

[ 2015-08-12T21:31:41+08:00 ] 127.0.0.1 /gonghenew/admin.php/Productinfo/skin-config.html
INFO: [ app_begin ] --START--
INFO: Run Behavior\ReadHtmlCacheBehavior [ RunTime:0.000685s ]
INFO: [ app_begin ] --END-- [ RunTime:0.000796s ]
ERR: 非法操作:skin-config
NOTIC: [2] include() [<a href='function.include'>function.include</a>]: Filename cannot be empty D:\WWW\gonghenew\ThinkPHP\Library\Think\Think.class.php 第 314 行.
NOTIC: [2] include() [<a href='function.include'>function.include</a>]: Failed opening '' for inclusion (include_path='.;C:\php\pear') D:\WWW\gonghenew\ThinkPHP\Library\Think\Think.class.php 第 314 行.

[ 2015-08-12T21:35:26+08:00 ] 127.0.0.1 /gonghenew/admin.php/Productinfo/skin-config.html
INFO: [ app_begin ] --START--
INFO: Run Behavior\ReadHtmlCacheBehavior [ RunTime:0.000441s ]
INFO: [ app_begin ] --END-- [ RunTime:0.000492s ]
ERR: 非法操作:skin-config
NOTIC: [2] include() [<a href='function.include'>function.include</a>]: Filename cannot be empty D:\WWW\gonghenew\ThinkPHP\Library\Think\Think.class.php 第 314 行.
NOTIC: [2] include() [<a href='function.include'>function.include</a>]: Failed opening '' for inclusion (include_path='.;C:\php\pear') D:\WWW\gonghenew\ThinkPHP\Library\Think\Think.class.php 第 314 行.

[ 2015-08-12T21:38:58+08:00 ] 127.0.0.1 /gonghenew/admin.php/Productinfo/skin-config.html
INFO: [ app_begin ] --START--
INFO: Run Behavior\ReadHtmlCacheBehavior [ RunTime:0.000577s ]
INFO: [ app_begin ] --END-- [ RunTime:0.000656s ]
ERR: 非法操作:skin-config
NOTIC: [2] include() [<a href='function.include'>function.include</a>]: Filename cannot be empty D:\WWW\gonghenew\ThinkPHP\Library\Think\Think.class.php 第 314 行.
NOTIC: [2] include() [<a href='function.include'>function.include</a>]: Failed opening '' for inclusion (include_path='.;C:\php\pear') D:\WWW\gonghenew\ThinkPHP\Library\Think\Think.class.php 第 314 行.

[ 2015-08-12T21:39:05+08:00 ] 127.0.0.1 /gonghenew/admin.php/Productinfo/skin-config.html
INFO: [ app_begin ] --START--
INFO: Run Behavior\ReadHtmlCacheBehavior [ RunTime:0.000516s ]
INFO: [ app_begin ] --END-- [ RunTime:0.000583s ]
ERR: 非法操作:skin-config
NOTIC: [2] include() [<a href='function.include'>function.include</a>]: Filename cannot be empty D:\WWW\gonghenew\ThinkPHP\Library\Think\Think.class.php 第 314 行.
NOTIC: [2] include() [<a href='function.include'>function.include</a>]: Failed opening '' for inclusion (include_path='.;C:\php\pear') D:\WWW\gonghenew\ThinkPHP\Library\Think\Think.class.php 第 314 行.

[ 2015-08-12T21:39:09+08:00 ] 127.0.0.1 /gonghenew/admin.php/Productinfo/skin-config.html
INFO: [ app_begin ] --START--
INFO: Run Behavior\ReadHtmlCacheBehavior [ RunTime:0.000557s ]
INFO: [ app_begin ] --END-- [ RunTime:0.000623s ]
ERR: 非法操作:skin-config
NOTIC: [2] include() [<a href='function.include'>function.include</a>]: Filename cannot be empty D:\WWW\gonghenew\ThinkPHP\Library\Think\Think.class.php 第 314 行.
NOTIC: [2] include() [<a href='function.include'>function.include</a>]: Failed opening '' for inclusion (include_path='.;C:\php\pear') D:\WWW\gonghenew\ThinkPHP\Library\Think\Think.class.php 第 314 行.

[ 2015-08-12T21:39:18+08:00 ] 127.0.0.1 /gonghenew/admin.php/Productinfo/skin-config.html
INFO: [ app_begin ] --START--
INFO: Run Behavior\ReadHtmlCacheBehavior [ RunTime:0.000647s ]
INFO: [ app_begin ] --END-- [ RunTime:0.000734s ]
ERR: 非法操作:skin-config
NOTIC: [2] include() [<a href='function.include'>function.include</a>]: Filename cannot be empty D:\WWW\gonghenew\ThinkPHP\Library\Think\Think.class.php 第 314 行.
NOTIC: [2] include() [<a href='function.include'>function.include</a>]: Failed opening '' for inclusion (include_path='.;C:\php\pear') D:\WWW\gonghenew\ThinkPHP\Library\Think\Think.class.php 第 314 行.

